<?xml version="1.0" encoding="UTF-8"?>
<!-- Generated by org.testng.reporters.JUnitXMLReporter -->
<testsuite hostname="NCDWIN7PXD04207" name="CLR_DTSState" tests="4" failures="0" timestamp="25 Aug 2019 21:44:20 GMT" time="294.877" errors="0">
  <testcase name="LogintoCLRApplication" time="4.601" classname="au.wow.WLPmain.DailyTradingStatement.DTS_State"/>
  <testcase name="SalesColumnValidation" time="126.099" classname="au.wow.WLPmain.DailyTradingStatement.DTS_State">
    <skipped/>
  </testcase> <!-- SalesColumnValidation -->
  <testcase name="SalesColumnValidation" time="58.382" classname="au.wow.WLPmain.DailyTradingStatement.DTS_State">
    <skipped/>
  </testcase> <!-- SalesColumnValidation -->
  <testcase name="SalesColumnValidation" time="48.371" classname="au.wow.WLPmain.DailyTradingStatement.DTS_State">
    <skipped/>
  </testcase> <!-- SalesColumnValidation -->
</testsuite> <!-- CLR_DTSState -->
