<?xml version="1.0" encoding="UTF-8"?>
<!-- Generated by org.testng.reporters.JUnitXMLReporter -->
<testsuite hostname="NCDWIN7PXD04207" name="CLR_DTSBU" tests="4" failures="0" timestamp="25 Aug 2019 21:44:30 GMT" time="10.003" errors="0">
  <testcase name="LogintoCLRApplication" time="3.689" classname="au.wow.WLPmain.DailyTradingStatement.DTSBusinessUnit"/>
  <testcase name="SalesColumnValidation" time="0.979" classname="au.wow.WLPmain.DailyTradingStatement.DTSBusinessUnit">
    <skipped/>
  </testcase> <!-- SalesColumnValidation -->
  <testcase name="SalesColumnValidation" time="0.485" classname="au.wow.WLPmain.DailyTradingStatement.DTSBusinessUnit">
    <skipped/>
  </testcase> <!-- SalesColumnValidation -->
  <testcase name="SalesColumnValidation" time="0.429" classname="au.wow.WLPmain.DailyTradingStatement.DTSBusinessUnit">
    <skipped/>
  </testcase> <!-- SalesColumnValidation -->
</testsuite> <!-- CLR_DTSBU -->
