# JRE version: Java(TM) SE Runtime Environment (8.0_111-b14) (build 1.8.0_111-b14)
# Java VM: Java HotSpot(TM) 64-Bit Server VM (25.111-b14 mixed mode windows-amd64 compressed oops)
Heap:
 PSYoungGen      total 34816K, used 33423K [0x00000000e0000000, 0x00000000e2a00000, 0x0000000100000000)
  eden space 34304K, 96% used [0x00000000e0000000,0x00000000e206bed8,0x00000000e2180000)
  from space 512K, 43% used [0x00000000e2980000,0x00000000e29b8000,0x00000000e2a00000)
  to   space 2560K, 0% used [0x00000000e2500000,0x00000000e2500000,0x00000000e2780000)
 ParOldGen       total 83456K, used 74009K [0x00000000a0000000, 0x00000000a5180000, 0x00000000e0000000)
  object space 83456K, 88% used [0x00000000a0000000,0x00000000a4846610,0x00000000a5180000)
 Metaspace       used 33725K, capacity 34150K, committed 34304K, reserved 1079296K
  class space    used 3707K, capacity 3831K, committed 3840K, reserved 1048576K
GC Heap History (10 events):
Event: 18472.469 GC heap before
{Heap before GC invocations=539 (full 7):
 PSYoungGen      total 32768K, used 31622K [0x00000000e0000000, 0x00000000e2800000, 0x0000000100000000)
  eden space 30208K, 100% used [0x00000000e0000000,0x00000000e1d80000,0x00000000e1d80000)
  from space 2560K, 55% used [0x00000000e1d80000,0x00000000e1ee1850,0x00000000e2000000)
  to   space 2560K, 0% used [0x00000000e2580000,0x00000000e2580000,0x00000000e2800000)
 ParOldGen       total 83456K, used 71593K [0x00000000a0000000, 0x00000000a5180000, 0x00000000e0000000)
  object space 83456K, 85% used [0x00000000a0000000,0x00000000a45ea528,0x00000000a5180000)
 Metaspace       used 33597K, capacity 33968K, committed 34304K, reserved 1079296K
  class space    used 3698K, capacity 3822K, committed 3840K, reserved 1048576K
Event: 18472.478 GC heap after
Heap after GC invocations=539 (full 7):
 PSYoungGen      total 38400K, used 320K [0x00000000e0000000, 0x00000000e2800000, 0x0000000100000000)
  eden space 35840K, 0% used [0x00000000e0000000,0x00000000e0000000,0x00000000e2300000)
  from space 2560K, 12% used [0x00000000e2580000,0x00000000e25d0000,0x00000000e2800000)
  to   space 2560K, 0% used [0x00000000e2300000,0x00000000e2300000,0x00000000e2580000)
 ParOldGen       total 83456K, used 72777K [0x00000000a0000000, 0x00000000a5180000, 0x00000000e0000000)
  object space 83456K, 87% used [0x00000000a0000000,0x00000000a4712438,0x00000000a5180000)
 Metaspace       used 33597K, capacity 33968K, committed 34304K, reserved 1079296K
  class space    used 3698K, capacity 3822K, committed 3840K, reserved 1048576K
}
Event: 20959.639 GC heap before
{Heap before GC invocations=540 (full 7):
 PSYoungGen      total 38400K, used 36160K [0x00000000e0000000, 0x00000000e2800000, 0x0000000100000000)
  eden space 35840K, 100% used [0x00000000e0000000,0x00000000e2300000,0x00000000e2300000)
  from space 2560K, 12% used [0x00000000e2580000,0x00000000e25d0000,0x00000000e2800000)
  to   space 2560K, 0% used [0x00000000e2300000,0x00000000e2300000,0x00000000e2580000)
 ParOldGen       total 83456K, used 72777K [0x00000000a0000000, 0x00000000a5180000, 0x00000000e0000000)
  object space 83456K, 87% used [0x00000000a0000000,0x00000000a4712438,0x00000000a5180000)
 Metaspace       used 33623K, capacity 34032K, committed 34304K, reserved 1079296K
  class space    used 3698K, capacity 3822K, committed 3840K, reserved 1048576K
Event: 20959.642 GC heap after
Heap after GC invocations=540 (full 7):
 PSYoungGen      total 38400K, used 1163K [0x00000000e0000000, 0x00000000e2e00000, 0x0000000100000000)
  eden space 35840K, 0% used [0x00000000e0000000,0x00000000e0000000,0x00000000e2300000)
  from space 2560K, 45% used [0x00000000e2300000,0x00000000e2422d48,0x00000000e2580000)
  to   space 2560K, 0% used [0x00000000e2b80000,0x00000000e2b80000,0x00000000e2e00000)
 ParOldGen       total 83456K, used 72841K [0x00000000a0000000, 0x00000000a5180000, 0x00000000e0000000)
  object space 83456K, 87% used [0x00000000a0000000,0x00000000a4722438,0x00000000a5180000)
 Metaspace       used 33623K, capacity 34032K, committed 34304K, reserved 1079296K
  class space    used 3698K, capacity 3822K, committed 3840K, reserved 1048576K
}
Event: 20992.827 GC heap before
{Heap before GC invocations=541 (full 7):
 PSYoungGen      total 38400K, used 37003K [0x00000000e0000000, 0x00000000e2e00000, 0x0000000100000000)
  eden space 35840K, 100% used [0x00000000e0000000,0x00000000e2300000,0x00000000e2300000)
  from space 2560K, 45% used [0x00000000e2300000,0x00000000e2422d48,0x00000000e2580000)
  to   space 2560K, 0% used [0x00000000e2b80000,0x00000000e2b80000,0x00000000e2e00000)
 ParOldGen       total 83456K, used 72841K [0x00000000a0000000, 0x00000000a5180000, 0x00000000e0000000)
  object space 83456K, 87% used [0x00000000a0000000,0x00000000a4722438,0x00000000a5180000)
 Metaspace       used 33630K, capacity 34038K, committed 34304K, reserved 1079296K
  class space    used 3698K, capacity 3823K, committed 3840K, reserved 1048576K
Event: 20992.830 GC heap after
Heap after GC invocations=541 (full 7):
 PSYoungGen      total 36864K, used 1113K [0x00000000e0000000, 0x00000000e2d00000, 0x0000000100000000)
  eden space 35328K, 0% used [0x00000000e0000000,0x00000000e0000000,0x00000000e2280000)
  from space 1536K, 72% used [0x00000000e2b80000,0x00000000e2c966a0,0x00000000e2d00000)
  to   space 2048K, 0% used [0x00000000e2900000,0x00000000e2900000,0x00000000e2b00000)
 ParOldGen       total 83456K, used 72929K [0x00000000a0000000, 0x00000000a5180000, 0x00000000e0000000)
  object space 83456K, 87% used [0x00000000a0000000,0x00000000a4738490,0x00000000a5180000)
 Metaspace       used 33630K, capacity 34038K, committed 34304K, reserved 1079296K
  class space    used 3698K, capacity 3823K, committed 3840K, reserved 1048576K
}
Event: 21037.125 GC heap before
{Heap before GC invocations=542 (full 7):
 PSYoungGen      total 36864K, used 36441K [0x00000000e0000000, 0x00000000e2d00000, 0x0000000100000000)
  eden space 35328K, 100% used [0x00000000e0000000,0x00000000e2280000,0x00000000e2280000)
  from space 1536K, 72% used [0x00000000e2b80000,0x00000000e2c966a0,0x00000000e2d00000)
  to   space 2048K, 0% used [0x00000000e2900000,0x00000000e2900000,0x00000000e2b00000)
 ParOldGen       total 83456K, used 72929K [0x00000000a0000000, 0x00000000a5180000, 0x00000000e0000000)
  object space 83456K, 87% used [0x00000000a0000000,0x00000000a4738490,0x00000000a5180000)
 Metaspace       used 33631K, capacity 34038K, committed 34304K, reserved 1079296K
  class space    used 3698K, capacity 3823K, committed 3840K, reserved 1048576K
Event: 21037.128 GC heap after
Heap after GC invocations=542 (full 7):
 PSYoungGen      total 35328K, used 224K [0x00000000e0000000, 0x00000000e2c00000, 0x0000000100000000)
  eden space 34816K, 0% used [0x00000000e0000000,0x00000000e0000000,0x00000000e2200000)
  from space 512K, 43% used [0x00000000e2900000,0x00000000e2938000,0x00000000e2980000)
  to   space 2560K, 0% used [0x00000000e2980000,0x00000000e2980000,0x00000000e2c00000)
 ParOldGen       total 83456K, used 73896K [0x00000000a0000000, 0x00000000a5180000, 0x00000000e0000000)
  object space 83456K, 88% used [0x00000000a0000000,0x00000000a482a370,0x00000000a5180000)
 Metaspace       used 33631K, capacity 34038K, committed 34304K, reserved 1079296K
  class space    used 3698K, capacity 3823K, committed 3840K, reserved 1048576K
}
Event: 21062.918 GC heap before
{Heap before GC invocations=543 (full 7):
 PSYoungGen      total 35328K, used 35040K [0x00000000e0000000, 0x00000000e2c00000, 0x0000000100000000)
  eden space 34816K, 100% used [0x00000000e0000000,0x00000000e2200000,0x00000000e2200000)
  from space 512K, 43% used [0x00000000e2900000,0x00000000e2938000,0x00000000e2980000)
  to   space 2560K, 0% used [0x00000000e2980000,0x00000000e2980000,0x00000000e2c00000)
 ParOldGen       total 83456K, used 73896K [0x00000000a0000000, 0x00000000a5180000, 0x00000000e0000000)
  object space 83456K, 88% used [0x00000000a0000000,0x00000000a482a370,0x00000000a5180000)
 Metaspace       used 33666K, capacity 34038K, committed 34304K, reserved 1079296K
  class space    used 3700K, capacity 3823K, committed 3840K, reserved 1048576K
Event: 21062.921 GC heap after
Heap after GC invocations=543 (full 7):
 PSYoungGen      total 34816K, used 224K [0x00000000e0000000, 0x00000000e2a00000, 0x0000000100000000)
  eden space 34304K, 0% used [0x00000000e0000000,0x00000000e0000000,0x00000000e2180000)
  from space 512K, 43% used [0x00000000e2980000,0x00000000e29b8000,0x00000000e2a00000)
  to   space 2560K, 0% used [0x00000000e2500000,0x00000000e2500000,0x00000000e2780000)
 ParOldGen       total 83456K, used 74009K [0x00000000a0000000, 0x00000000a5180000, 0x00000000e0000000)
  object space 83456K, 88% used [0x00000000a0000000,0x00000000a4846610,0x00000000a5180000)
 Metaspace       used 33666K, capacity 34038K, committed 34304K, reserved 1079296K
  class space    used 3700K, capacity 3823K, committed 3840K, reserved 1048576K
}

