# JRE version: Java(TM) SE Runtime Environment (8.0_111-b14) (build 1.8.0_111-b14)
# Java VM: Java HotSpot(TM) 64-Bit Server VM (25.111-b14 mixed mode windows-amd64 compressed oops)
Heap:
 PSYoungGen      total 143872K, used 124089K [0x00000000e0000000, 0x00000000edf80000, 0x0000000100000000)
  eden space 99328K, 80% used [0x00000000e0000000,0x00000000e4daf478,0x00000000e6100000)
  from space 44544K, 99% used [0x00000000e9500000,0x00000000ec07f068,0x00000000ec080000)
  to   space 53248K, 0% used [0x00000000e6100000,0x00000000e6100000,0x00000000e9500000)
 ParOldGen       total 121856K, used 64147K [0x00000000a0000000, 0x00000000a7700000, 0x00000000e0000000)
  object space 121856K, 52% used [0x00000000a0000000,0x00000000a3ea4de8,0x00000000a7700000)
 Metaspace       used 13437K, capacity 13614K, committed 13824K, reserved 1060864K
  class space    used 1454K, capacity 1501K, committed 1536K, reserved 1048576K
GC Heap History (10 events):
Event: 10.742 GC heap before
{Heap before GC invocations=5 (full 0):
 PSYoungGen      total 53248K, used 53223K [0x00000000e0000000, 0x00000000e3800000, 0x0000000100000000)
  eden space 49152K, 100% used [0x00000000e0000000,0x00000000e3000000,0x00000000e3000000)
  from space 4096K, 99% used [0x00000000e3400000,0x00000000e37f9de8,0x00000000e3800000)
  to   space 4096K, 0% used [0x00000000e3000000,0x00000000e3000000,0x00000000e3400000)
 ParOldGen       total 65536K, used 29227K [0x00000000a0000000, 0x00000000a4000000, 0x00000000e0000000)
  object space 65536K, 44% used [0x00000000a0000000,0x00000000a1c8af60,0x00000000a4000000)
 Metaspace       used 11280K, capacity 11516K, committed 11648K, reserved 1058816K
  class space    used 1293K, capacity 1339K, committed 1408K, reserved 1048576K
Event: 10.822 GC heap after
Heap after GC invocations=5 (full 0):
 PSYoungGen      total 53248K, used 4087K [0x00000000e0000000, 0x00000000ea000000, 0x0000000100000000)
  eden space 49152K, 0% used [0x00000000e0000000,0x00000000e0000000,0x00000000e3000000)
  from space 4096K, 99% used [0x00000000e3000000,0x00000000e33fdce8,0x00000000e3400000)
  to   space 32768K, 0% used [0x00000000e8000000,0x00000000e8000000,0x00000000ea000000)
 ParOldGen       total 65536K, used 54858K [0x00000000a0000000, 0x00000000a4000000, 0x00000000e0000000)
  object space 65536K, 83% used [0x00000000a0000000,0x00000000a3592bd0,0x00000000a4000000)
 Metaspace       used 11280K, capacity 11516K, committed 11648K, reserved 1058816K
  class space    used 1293K, capacity 1339K, committed 1408K, reserved 1048576K
}
Event: 10.822 GC heap before
{Heap before GC invocations=6 (full 1):
 PSYoungGen      total 53248K, used 4087K [0x00000000e0000000, 0x00000000ea000000, 0x0000000100000000)
  eden space 49152K, 0% used [0x00000000e0000000,0x00000000e0000000,0x00000000e3000000)
  from space 4096K, 99% used [0x00000000e3000000,0x00000000e33fdce8,0x00000000e3400000)
  to   space 32768K, 0% used [0x00000000e8000000,0x00000000e8000000,0x00000000ea000000)
 ParOldGen       total 65536K, used 54858K [0x00000000a0000000, 0x00000000a4000000, 0x00000000e0000000)
  object space 65536K, 83% used [0x00000000a0000000,0x00000000a3592bd0,0x00000000a4000000)
 Metaspace       used 11280K, capacity 11516K, committed 11648K, reserved 1058816K
  class space    used 1293K, capacity 1339K, committed 1408K, reserved 1048576K
Event: 11.717 GC heap after
Heap after GC invocations=6 (full 1):
 PSYoungGen      total 53248K, used 0K [0x00000000e0000000, 0x00000000ea000000, 0x0000000100000000)
  eden space 49152K, 0% used [0x00000000e0000000,0x00000000e0000000,0x00000000e3000000)
  from space 4096K, 0% used [0x00000000e3000000,0x00000000e3000000,0x00000000e3400000)
  to   space 32768K, 0% used [0x00000000e8000000,0x00000000e8000000,0x00000000ea000000)
 ParOldGen       total 121856K, used 57112K [0x00000000a0000000, 0x00000000a7700000, 0x00000000e0000000)
  object space 121856K, 46% used [0x00000000a0000000,0x00000000a37c6348,0x00000000a7700000)
 Metaspace       used 11280K, capacity 11516K, committed 11648K, reserved 1058816K
  class space    used 1293K, capacity 1339K, committed 1408K, reserved 1048576K
}
Event: 16.107 GC heap before
{Heap before GC invocations=7 (full 1):
 PSYoungGen      total 53248K, used 49152K [0x00000000e0000000, 0x00000000ea000000, 0x0000000100000000)
  eden space 49152K, 100% used [0x00000000e0000000,0x00000000e3000000,0x00000000e3000000)
  from space 4096K, 0% used [0x00000000e3000000,0x00000000e3000000,0x00000000e3400000)
  to   space 32768K, 0% used [0x00000000e8000000,0x00000000e8000000,0x00000000ea000000)
 ParOldGen       total 121856K, used 57112K [0x00000000a0000000, 0x00000000a7700000, 0x00000000e0000000)
  object space 121856K, 46% used [0x00000000a0000000,0x00000000a37c6348,0x00000000a7700000)
 Metaspace       used 11441K, capacity 11644K, committed 11904K, reserved 1060864K
  class space    used 1301K, capacity 1339K, committed 1408K, reserved 1048576K
Event: 16.166 GC heap after
Heap after GC invocations=7 (full 1):
 PSYoungGen      total 97792K, used 24404K [0x00000000e0000000, 0x00000000e9800000, 0x0000000100000000)
  eden space 73216K, 0% used [0x00000000e0000000,0x00000000e0000000,0x00000000e4780000)
  from space 24576K, 99% used [0x00000000e8000000,0x00000000e97d51a0,0x00000000e9800000)
  to   space 35328K, 0% used [0x00000000e5300000,0x00000000e5300000,0x00000000e7580000)
 ParOldGen       total 121856K, used 57120K [0x00000000a0000000, 0x00000000a7700000, 0x00000000e0000000)
  object space 121856K, 46% used [0x00000000a0000000,0x00000000a37c8348,0x00000000a7700000)
 Metaspace       used 11441K, capacity 11644K, committed 11904K, reserved 1060864K
  class space    used 1301K, capacity 1339K, committed 1408K, reserved 1048576K
}
Event: 18.414 GC heap before
{Heap before GC invocations=8 (full 1):
 PSYoungGen      total 97792K, used 97620K [0x00000000e0000000, 0x00000000e9800000, 0x0000000100000000)
  eden space 73216K, 100% used [0x00000000e0000000,0x00000000e4780000,0x00000000e4780000)
  from space 24576K, 99% used [0x00000000e8000000,0x00000000e97d51a0,0x00000000e9800000)
  to   space 35328K, 0% used [0x00000000e5300000,0x00000000e5300000,0x00000000e7580000)
 ParOldGen       total 121856K, used 57120K [0x00000000a0000000, 0x00000000a7700000, 0x00000000e0000000)
  object space 121856K, 46% used [0x00000000a0000000,0x00000000a37c8348,0x00000000a7700000)
 Metaspace       used 11999K, capacity 12156K, committed 12416K, reserved 1060864K
  class space    used 1320K, capacity 1339K, committed 1408K, reserved 1048576K
Event: 18.570 GC heap after
Heap after GC invocations=8 (full 1):
 PSYoungGen      total 120320K, used 35311K [0x00000000e0000000, 0x00000000ec080000, 0x0000000100000000)
  eden space 84992K, 0% used [0x00000000e0000000,0x00000000e0000000,0x00000000e5300000)
  from space 35328K, 99% used [0x00000000e5300000,0x00000000e757bea8,0x00000000e7580000)
  to   space 44544K, 0% used [0x00000000e9500000,0x00000000e9500000,0x00000000ec080000)
 ParOldGen       total 121856K, used 62670K [0x00000000a0000000, 0x00000000a7700000, 0x00000000e0000000)
  object space 121856K, 51% used [0x00000000a0000000,0x00000000a3d33940,0x00000000a7700000)
 Metaspace       used 11999K, capacity 12156K, committed 12416K, reserved 1060864K
  class space    used 1320K, capacity 1339K, committed 1408K, reserved 1048576K
}
Event: 22.228 GC heap before
{Heap before GC invocations=9 (full 1):
 PSYoungGen      total 120320K, used 120303K [0x00000000e0000000, 0x00000000ec080000, 0x0000000100000000)
  eden space 84992K, 100% used [0x00000000e0000000,0x00000000e5300000,0x00000000e5300000)
  from space 35328K, 99% used [0x00000000e5300000,0x00000000e757bea8,0x00000000e7580000)
  to   space 44544K, 0% used [0x00000000e9500000,0x00000000e9500000,0x00000000ec080000)
 ParOldGen       total 121856K, used 62670K [0x00000000a0000000, 0x00000000a7700000, 0x00000000e0000000)
  object space 121856K, 51% used [0x00000000a0000000,0x00000000a3d33940,0x00000000a7700000)
 Metaspace       used 12854K, capacity 13102K, committed 13312K, reserved 1060864K
  class space    used 1388K, capacity 1437K, committed 1536K, reserved 1048576K
Event: 22.359 GC heap after
Heap after GC invocations=9 (full 1):
 PSYoungGen      total 143872K, used 44540K [0x00000000e0000000, 0x00000000edf80000, 0x0000000100000000)
  eden space 99328K, 0% used [0x00000000e0000000,0x00000000e0000000,0x00000000e6100000)
  from space 44544K, 99% used [0x00000000e9500000,0x00000000ec07f068,0x00000000ec080000)
  to   space 53248K, 0% used [0x00000000e6100000,0x00000000e6100000,0x00000000e9500000)
 ParOldGen       total 121856K, used 64147K [0x00000000a0000000, 0x00000000a7700000, 0x00000000e0000000)
  object space 121856K, 52% used [0x00000000a0000000,0x00000000a3ea4de8,0x00000000a7700000)
 Metaspace       used 12854K, capacity 13102K, committed 13312K, reserved 1060864K
  class space    used 1388K, capacity 1437K, committed 1536K, reserved 1048576K
}

