# JRE version: Java(TM) SE Runtime Environment (8.0_111-b14) (build 1.8.0_111-b14)
# Java VM: Java HotSpot(TM) 64-Bit Server VM (25.111-b14 mixed mode windows-amd64 compressed oops)
Heap:
 PSYoungGen      total 119808K, used 85504K [0x00000000e0000000, 0x00000000eba00000, 0x0000000100000000)
  eden space 85504K, 100% used [0x00000000e0000000,0x00000000e5380000,0x00000000e5380000)
  from space 34304K, 0% used [0x00000000e5380000,0x00000000e5380000,0x00000000e7500000)
  to   space 44032K, 0% used [0x00000000e8f00000,0x00000000e8f00000,0x00000000eba00000)
 ParOldGen       total 118784K, used 109426K [0x00000000a0000000, 0x00000000a7400000, 0x00000000e0000000)
  object space 118784K, 92% used [0x00000000a0000000,0x00000000a6adcbf8,0x00000000a7400000)
 Metaspace       used 14659K, capacity 14798K, committed 14848K, reserved 1062912K
  class space    used 1517K, capacity 1533K, committed 1536K, reserved 1048576K
GC Heap History (10 events):
Event: 32.615 GC heap after
Heap after GC invocations=19 (full 8):
 PSYoungGen      total 119808K, used 0K [0x00000000e0000000, 0x00000000eba00000, 0x0000000100000000)
  eden space 85504K, 0% used [0x00000000e0000000,0x00000000e0000000,0x00000000e5380000)
  from space 34304K, 0% used [0x00000000e5380000,0x00000000e5380000,0x00000000e7500000)
  to   space 44032K, 0% used [0x00000000e8f00000,0x00000000e8f00000,0x00000000eba00000)
 ParOldGen       total 118784K, used 106257K [0x00000000a0000000, 0x00000000a7400000, 0x00000000e0000000)
  object space 118784K, 89% used [0x00000000a0000000,0x00000000a67c4798,0x00000000a7400000)
 Metaspace       used 14613K, capacity 14798K, committed 14848K, reserved 1062912K
  class space    used 1517K, capacity 1533K, committed 1536K, reserved 1048576K
}
Event: 33.319 GC heap before
{Heap before GC invocations=20 (full 9):
 PSYoungGen      total 119808K, used 85504K [0x00000000e0000000, 0x00000000eba00000, 0x0000000100000000)
  eden space 85504K, 100% used [0x00000000e0000000,0x00000000e5380000,0x00000000e5380000)
  from space 34304K, 0% used [0x00000000e5380000,0x00000000e5380000,0x00000000e7500000)
  to   space 44032K, 0% used [0x00000000e8f00000,0x00000000e8f00000,0x00000000eba00000)
 ParOldGen       total 118784K, used 106257K [0x00000000a0000000, 0x00000000a7400000, 0x00000000e0000000)
  object space 118784K, 89% used [0x00000000a0000000,0x00000000a67c4798,0x00000000a7400000)
 Metaspace       used 14616K, capacity 14798K, committed 14848K, reserved 1062912K
  class space    used 1517K, capacity 1533K, committed 1536K, reserved 1048576K
Event: 33.774 GC heap after
Heap after GC invocations=20 (full 9):
 PSYoungGen      total 119808K, used 0K [0x00000000e0000000, 0x00000000eba00000, 0x0000000100000000)
  eden space 85504K, 0% used [0x00000000e0000000,0x00000000e0000000,0x00000000e5380000)
  from space 34304K, 0% used [0x00000000e5380000,0x00000000e5380000,0x00000000e7500000)
  to   space 44032K, 0% used [0x00000000e8f00000,0x00000000e8f00000,0x00000000eba00000)
 ParOldGen       total 118784K, used 107268K [0x00000000a0000000, 0x00000000a7400000, 0x00000000e0000000)
  object space 118784K, 90% used [0x00000000a0000000,0x00000000a68c1368,0x00000000a7400000)
 Metaspace       used 14616K, capacity 14798K, committed 14848K, reserved 1062912K
  class space    used 1517K, capacity 1533K, committed 1536K, reserved 1048576K
}
Event: 34.188 GC heap before
{Heap before GC invocations=21 (full 10):
 PSYoungGen      total 119808K, used 85504K [0x00000000e0000000, 0x00000000eba00000, 0x0000000100000000)
  eden space 85504K, 100% used [0x00000000e0000000,0x00000000e5380000,0x00000000e5380000)
  from space 34304K, 0% used [0x00000000e5380000,0x00000000e5380000,0x00000000e7500000)
  to   space 44032K, 0% used [0x00000000e8f00000,0x00000000e8f00000,0x00000000eba00000)
 ParOldGen       total 118784K, used 107268K [0x00000000a0000000, 0x00000000a7400000, 0x00000000e0000000)
  object space 118784K, 90% used [0x00000000a0000000,0x00000000a68c1368,0x00000000a7400000)
 Metaspace       used 14632K, capacity 14798K, committed 14848K, reserved 1062912K
  class space    used 1517K, capacity 1533K, committed 1536K, reserved 1048576K
Event: 34.647 GC heap after
Heap after GC invocations=21 (full 10):
 PSYoungGen      total 119808K, used 0K [0x00000000e0000000, 0x00000000eba00000, 0x0000000100000000)
  eden space 85504K, 0% used [0x00000000e0000000,0x00000000e0000000,0x00000000e5380000)
  from space 34304K, 0% used [0x00000000e5380000,0x00000000e5380000,0x00000000e7500000)
  to   space 44032K, 0% used [0x00000000e8f00000,0x00000000e8f00000,0x00000000eba00000)
 ParOldGen       total 118784K, used 107879K [0x00000000a0000000, 0x00000000a7400000, 0x00000000e0000000)
  object space 118784K, 90% used [0x00000000a0000000,0x00000000a6959e48,0x00000000a7400000)
 Metaspace       used 14632K, capacity 14798K, committed 14848K, reserved 1062912K
  class space    used 1517K, capacity 1533K, committed 1536K, reserved 1048576K
}
Event: 35.048 GC heap before
{Heap before GC invocations=22 (full 11):
 PSYoungGen      total 119808K, used 85504K [0x00000000e0000000, 0x00000000eba00000, 0x0000000100000000)
  eden space 85504K, 100% used [0x00000000e0000000,0x00000000e5380000,0x00000000e5380000)
  from space 34304K, 0% used [0x00000000e5380000,0x00000000e5380000,0x00000000e7500000)
  to   space 44032K, 0% used [0x00000000e8f00000,0x00000000e8f00000,0x00000000eba00000)
 ParOldGen       total 118784K, used 107879K [0x00000000a0000000, 0x00000000a7400000, 0x00000000e0000000)
  object space 118784K, 90% used [0x00000000a0000000,0x00000000a6959e48,0x00000000a7400000)
 Metaspace       used 14652K, capacity 14798K, committed 14848K, reserved 1062912K
  class space    used 1517K, capacity 1533K, committed 1536K, reserved 1048576K
Event: 35.593 GC heap after
Heap after GC invocations=22 (full 11):
 PSYoungGen      total 119808K, used 0K [0x00000000e0000000, 0x00000000eba00000, 0x0000000100000000)
  eden space 85504K, 0% used [0x00000000e0000000,0x00000000e0000000,0x00000000e5380000)
  from space 34304K, 0% used [0x00000000e5380000,0x00000000e5380000,0x00000000e7500000)
  to   space 44032K, 0% used [0x00000000e8f00000,0x00000000e8f00000,0x00000000eba00000)
 ParOldGen       total 118784K, used 108616K [0x00000000a0000000, 0x00000000a7400000, 0x00000000e0000000)
  object space 118784K, 91% used [0x00000000a0000000,0x00000000a6a12290,0x00000000a7400000)
 Metaspace       used 14652K, capacity 14798K, committed 14848K, reserved 1062912K
  class space    used 1517K, capacity 1533K, committed 1536K, reserved 1048576K
}
Event: 36.021 GC heap before
{Heap before GC invocations=23 (full 12):
 PSYoungGen      total 119808K, used 85504K [0x00000000e0000000, 0x00000000eba00000, 0x0000000100000000)
  eden space 85504K, 100% used [0x00000000e0000000,0x00000000e5380000,0x00000000e5380000)
  from space 34304K, 0% used [0x00000000e5380000,0x00000000e5380000,0x00000000e7500000)
  to   space 44032K, 0% used [0x00000000e8f00000,0x00000000e8f00000,0x00000000eba00000)
 ParOldGen       total 118784K, used 108616K [0x00000000a0000000, 0x00000000a7400000, 0x00000000e0000000)
  object space 118784K, 91% used [0x00000000a0000000,0x00000000a6a12290,0x00000000a7400000)
 Metaspace       used 14655K, capacity 14798K, committed 14848K, reserved 1062912K
  class space    used 1517K, capacity 1533K, committed 1536K, reserved 1048576K
Event: 36.429 GC heap after
Heap after GC invocations=23 (full 12):
 PSYoungGen      total 119808K, used 0K [0x00000000e0000000, 0x00000000eba00000, 0x0000000100000000)
  eden space 85504K, 0% used [0x00000000e0000000,0x00000000e0000000,0x00000000e5380000)
  from space 34304K, 0% used [0x00000000e5380000,0x00000000e5380000,0x00000000e7500000)
  to   space 44032K, 0% used [0x00000000e8f00000,0x00000000e8f00000,0x00000000eba00000)
 ParOldGen       total 118784K, used 109426K [0x00000000a0000000, 0x00000000a7400000, 0x00000000e0000000)
  object space 118784K, 92% used [0x00000000a0000000,0x00000000a6adcbf8,0x00000000a7400000)
 Metaspace       used 14655K, capacity 14798K, committed 14848K, reserved 1062912K
  class space    used 1517K, capacity 1533K, committed 1536K, reserved 1048576K
}
Event: 36.855 GC heap before
{Heap before GC invocations=24 (full 13):
 PSYoungGen      total 119808K, used 85504K [0x00000000e0000000, 0x00000000eba00000, 0x0000000100000000)
  eden space 85504K, 100% used [0x00000000e0000000,0x00000000e5380000,0x00000000e5380000)
  from space 34304K, 0% used [0x00000000e5380000,0x00000000e5380000,0x00000000e7500000)
  to   space 44032K, 0% used [0x00000000e8f00000,0x00000000e8f00000,0x00000000eba00000)
 ParOldGen       total 118784K, used 109426K [0x00000000a0000000, 0x00000000a7400000, 0x00000000e0000000)
  object space 118784K, 92% used [0x00000000a0000000,0x00000000a6adcbf8,0x00000000a7400000)
 Metaspace       used 14659K, capacity 14798K, committed 14848K, reserved 1062912K
  class space    used 1517K, capacity 1533K, committed 1536K, reserved 1048576K

