# JRE version: Java(TM) SE Runtime Environment (8.0_111-b14) (build 1.8.0_111-b14)
# Java VM: Java HotSpot(TM) 64-Bit Server VM (25.111-b14 mixed mode windows-amd64 compressed oops)
Heap:
 PSYoungGen      total 53248K, used 48969K [0x00000000e0000000, 0x00000000e3800000, 0x0000000100000000)
  eden space 49152K, 99% used [0x00000000e0000000,0x00000000e2fd2420,0x00000000e3000000)
  from space 4096K, 0% used [0x00000000e3000000,0x00000000e3000000,0x00000000e3400000)
  to   space 4096K, 0% used [0x00000000e3400000,0x00000000e3400000,0x00000000e3800000)
 ParOldGen       total 65536K, used 65469K [0x00000000a0000000, 0x00000000a4000000, 0x00000000e0000000)
  object space 65536K, 99% used [0x00000000a0000000,0x00000000a3fef500,0x00000000a4000000)
 Metaspace       used 14582K, capacity 14734K, committed 14848K, reserved 1062912K
  class space    used 1516K, capacity 1533K, committed 1536K, reserved 1048576K
GC Heap History (10 events):
Event: 20.965 GC heap before
{Heap before GC invocations=50 (full 45):
 PSYoungGen      total 53248K, used 49152K [0x00000000e0000000, 0x00000000e3800000, 0x0000000100000000)
  eden space 49152K, 100% used [0x00000000e0000000,0x00000000e3000000,0x00000000e3000000)
  from space 4096K, 0% used [0x00000000e3000000,0x00000000e3000000,0x00000000e3400000)
  to   space 4096K, 0% used [0x00000000e3400000,0x00000000e3400000,0x00000000e3800000)
 ParOldGen       total 65536K, used 65503K [0x00000000a0000000, 0x00000000a4000000, 0x00000000e0000000)
  object space 65536K, 99% used [0x00000000a0000000,0x00000000a3ff7d98,0x00000000a4000000)
 Metaspace       used 14555K, capacity 14670K, committed 14848K, reserved 1062912K
  class space    used 1516K, capacity 1533K, committed 1536K, reserved 1048576K
Event: 21.254 GC heap after
Heap after GC invocations=50 (full 45):
 PSYoungGen      total 53248K, used 37833K [0x00000000e0000000, 0x00000000e3800000, 0x0000000100000000)
  eden space 49152K, 76% used [0x00000000e0000000,0x00000000e24f2638,0x00000000e3000000)
  from space 4096K, 0% used [0x00000000e3000000,0x00000000e3000000,0x00000000e3400000)
  to   space 4096K, 0% used [0x00000000e3400000,0x00000000e3400000,0x00000000e3800000)
 ParOldGen       total 65536K, used 65491K [0x00000000a0000000, 0x00000000a4000000, 0x00000000e0000000)
  object space 65536K, 99% used [0x00000000a0000000,0x00000000a3ff4cc0,0x00000000a4000000)
 Metaspace       used 14555K, capacity 14670K, committed 14848K, reserved 1062912K
  class space    used 1516K, capacity 1533K, committed 1536K, reserved 1048576K
}
Event: 21.357 GC heap before
{Heap before GC invocations=51 (full 46):
 PSYoungGen      total 53248K, used 49152K [0x00000000e0000000, 0x00000000e3800000, 0x0000000100000000)
  eden space 49152K, 100% used [0x00000000e0000000,0x00000000e3000000,0x00000000e3000000)
  from space 4096K, 0% used [0x00000000e3000000,0x00000000e3000000,0x00000000e3400000)
  to   space 4096K, 0% used [0x00000000e3400000,0x00000000e3400000,0x00000000e3800000)
 ParOldGen       total 65536K, used 65491K [0x00000000a0000000, 0x00000000a4000000, 0x00000000e0000000)
  object space 65536K, 99% used [0x00000000a0000000,0x00000000a3ff4cc0,0x00000000a4000000)
 Metaspace       used 14565K, capacity 14734K, committed 14848K, reserved 1062912K
  class space    used 1516K, capacity 1533K, committed 1536K, reserved 1048576K
Event: 21.628 GC heap after
Heap after GC invocations=51 (full 46):
 PSYoungGen      total 53248K, used 37998K [0x00000000e0000000, 0x00000000e3800000, 0x0000000100000000)
  eden space 49152K, 77% used [0x00000000e0000000,0x00000000e251bad8,0x00000000e3000000)
  from space 4096K, 0% used [0x00000000e3000000,0x00000000e3000000,0x00000000e3400000)
  to   space 4096K, 0% used [0x00000000e3400000,0x00000000e3400000,0x00000000e3800000)
 ParOldGen       total 65536K, used 65483K [0x00000000a0000000, 0x00000000a4000000, 0x00000000e0000000)
  object space 65536K, 99% used [0x00000000a0000000,0x00000000a3ff2f80,0x00000000a4000000)
 Metaspace       used 14565K, capacity 14734K, committed 14848K, reserved 1062912K
  class space    used 1516K, capacity 1533K, committed 1536K, reserved 1048576K
}
Event: 21.703 GC heap before
{Heap before GC invocations=52 (full 47):
 PSYoungGen      total 53248K, used 49152K [0x00000000e0000000, 0x00000000e3800000, 0x0000000100000000)
  eden space 49152K, 100% used [0x00000000e0000000,0x00000000e3000000,0x00000000e3000000)
  from space 4096K, 0% used [0x00000000e3000000,0x00000000e3000000,0x00000000e3400000)
  to   space 4096K, 0% used [0x00000000e3400000,0x00000000e3400000,0x00000000e3800000)
 ParOldGen       total 65536K, used 65483K [0x00000000a0000000, 0x00000000a4000000, 0x00000000e0000000)
  object space 65536K, 99% used [0x00000000a0000000,0x00000000a3ff2f80,0x00000000a4000000)
 Metaspace       used 14566K, capacity 14734K, committed 14848K, reserved 1062912K
  class space    used 1516K, capacity 1533K, committed 1536K, reserved 1048576K
Event: 21.918 GC heap after
Heap after GC invocations=52 (full 47):
 PSYoungGen      total 53248K, used 38075K [0x00000000e0000000, 0x00000000e3800000, 0x0000000100000000)
  eden space 49152K, 77% used [0x00000000e0000000,0x00000000e252ef78,0x00000000e3000000)
  from space 4096K, 0% used [0x00000000e3000000,0x00000000e3000000,0x00000000e3400000)
  to   space 4096K, 0% used [0x00000000e3400000,0x00000000e3400000,0x00000000e3800000)
 ParOldGen       total 65536K, used 65483K [0x00000000a0000000, 0x00000000a4000000, 0x00000000e0000000)
  object space 65536K, 99% used [0x00000000a0000000,0x00000000a3ff2f80,0x00000000a4000000)
 Metaspace       used 14566K, capacity 14734K, committed 14848K, reserved 1062912K
  class space    used 1516K, capacity 1533K, committed 1536K, reserved 1048576K
}
Event: 22.006 GC heap before
{Heap before GC invocations=53 (full 48):
 PSYoungGen      total 53248K, used 49152K [0x00000000e0000000, 0x00000000e3800000, 0x0000000100000000)
  eden space 49152K, 100% used [0x00000000e0000000,0x00000000e3000000,0x00000000e3000000)
  from space 4096K, 0% used [0x00000000e3000000,0x00000000e3000000,0x00000000e3400000)
  to   space 4096K, 0% used [0x00000000e3400000,0x00000000e3400000,0x00000000e3800000)
 ParOldGen       total 65536K, used 65483K [0x00000000a0000000, 0x00000000a4000000, 0x00000000e0000000)
  object space 65536K, 99% used [0x00000000a0000000,0x00000000a3ff2f80,0x00000000a4000000)
 Metaspace       used 14576K, capacity 14734K, committed 14848K, reserved 1062912K
  class space    used 1516K, capacity 1533K, committed 1536K, reserved 1048576K
Event: 22.329 GC heap after
Heap after GC invocations=53 (full 48):
 PSYoungGen      total 53248K, used 38185K [0x00000000e0000000, 0x00000000e3800000, 0x0000000100000000)
  eden space 49152K, 77% used [0x00000000e0000000,0x00000000e254a790,0x00000000e3000000)
  from space 4096K, 0% used [0x00000000e3000000,0x00000000e3000000,0x00000000e3400000)
  to   space 4096K, 0% used [0x00000000e3400000,0x00000000e3400000,0x00000000e3800000)
 ParOldGen       total 65536K, used 65476K [0x00000000a0000000, 0x00000000a4000000, 0x00000000e0000000)
  object space 65536K, 99% used [0x00000000a0000000,0x00000000a3ff1240,0x00000000a4000000)
 Metaspace       used 14576K, capacity 14734K, committed 14848K, reserved 1062912K
  class space    used 1516K, capacity 1533K, committed 1536K, reserved 1048576K
}
Event: 22.418 GC heap before
{Heap before GC invocations=54 (full 49):
 PSYoungGen      total 53248K, used 49152K [0x00000000e0000000, 0x00000000e3800000, 0x0000000100000000)
  eden space 49152K, 100% used [0x00000000e0000000,0x00000000e3000000,0x00000000e3000000)
  from space 4096K, 0% used [0x00000000e3000000,0x00000000e3000000,0x00000000e3400000)
  to   space 4096K, 0% used [0x00000000e3400000,0x00000000e3400000,0x00000000e3800000)
 ParOldGen       total 65536K, used 65476K [0x00000000a0000000, 0x00000000a4000000, 0x00000000e0000000)
  object space 65536K, 99% used [0x00000000a0000000,0x00000000a3ff1240,0x00000000a4000000)
 Metaspace       used 14581K, capacity 14734K, committed 14848K, reserved 1062912K
  class space    used 1516K, capacity 1533K, committed 1536K, reserved 1048576K
Event: 22.697 GC heap after
Heap after GC invocations=54 (full 49):
 PSYoungGen      total 53248K, used 38291K [0x00000000e0000000, 0x00000000e3800000, 0x0000000100000000)
  eden space 49152K, 77% used [0x00000000e0000000,0x00000000e2564e38,0x00000000e3000000)
  from space 4096K, 0% used [0x00000000e3000000,0x00000000e3000000,0x00000000e3400000)
  to   space 4096K, 0% used [0x00000000e3400000,0x00000000e3400000,0x00000000e3800000)
 ParOldGen       total 65536K, used 65469K [0x00000000a0000000, 0x00000000a4000000, 0x00000000e0000000)
  object space 65536K, 99% used [0x00000000a0000000,0x00000000a3fef500,0x00000000a4000000)
 Metaspace       used 14581K, capacity 14734K, committed 14848K, reserved 1062912K
  class space    used 1516K, capacity 1533K, committed 1536K, reserved 1048576K
}

