# JRE version: Java(TM) SE Runtime Environment (8.0_121-b13) (build 1.8.0_121-b13)
# Java VM: Java HotSpot(TM) 64-Bit Server VM (25.121-b13 mixed mode windows-amd64 compressed oops)
Heap:
 PSYoungGen      total 52224K, used 35883K [0x00000000e0000000, 0x00000000e3d80000, 0x0000000100000000)
  eden space 44544K, 67% used [0x00000000e0000000,0x00000000e1d45d50,0x00000000e2b80000)
  from space 7680K, 76% used [0x00000000e3600000,0x00000000e3bc5210,0x00000000e3d80000)
  to   space 9216K, 0% used [0x00000000e2b80000,0x00000000e2b80000,0x00000000e3480000)
 ParOldGen       total 40960K, used 7449K [0x00000000a0000000, 0x00000000a2800000, 0x00000000e0000000)
  object space 40960K, 18% used [0x00000000a0000000,0x00000000a0746490,0x00000000a2800000)
 Metaspace       used 28588K, capacity 28878K, committed 29312K, reserved 1075200K
  class space    used 3551K, capacity 3645K, committed 3712K, reserved 1048576K
GC Heap History (10 events):
Event: 12.791 GC heap before
{Heap before GC invocations=3 (full 0):
 PSYoungGen      total 28672K, used 28660K [0x00000000e0000000, 0x00000000e2000000, 0x0000000100000000)
  eden space 24576K, 100% used [0x00000000e0000000,0x00000000e1800000,0x00000000e1800000)
  from space 4096K, 99% used [0x00000000e1c00000,0x00000000e1ffd140,0x00000000e2000000)
  to   space 4096K, 0% used [0x00000000e1800000,0x00000000e1800000,0x00000000e1c00000)
 ParOldGen       total 65536K, used 2941K [0x00000000a0000000, 0x00000000a4000000, 0x00000000e0000000)
  object space 65536K, 4% used [0x00000000a0000000,0x00000000a02df438,0x00000000a4000000)
 Metaspace       used 19929K, capacity 20154K, committed 20480K, reserved 1067008K
  class space    used 2415K, capacity 2505K, committed 2560K, reserved 1048576K
Event: 12.804 GC heap after
Heap after GC invocations=3 (full 0):
 PSYoungGen      total 28672K, used 4086K [0x00000000e0000000, 0x00000000e2000000, 0x0000000100000000)
  eden space 24576K, 0% used [0x00000000e0000000,0x00000000e0000000,0x00000000e1800000)
  from space 4096K, 99% used [0x00000000e1800000,0x00000000e1bfdb58,0x00000000e1c00000)
  to   space 4096K, 0% used [0x00000000e1c00000,0x00000000e1c00000,0x00000000e2000000)
 ParOldGen       total 65536K, used 8629K [0x00000000a0000000, 0x00000000a4000000, 0x00000000e0000000)
  object space 65536K, 13% used [0x00000000a0000000,0x00000000a086d790,0x00000000a4000000)
 Metaspace       used 19929K, capacity 20154K, committed 20480K, reserved 1067008K
  class space    used 2415K, capacity 2505K, committed 2560K, reserved 1048576K
}
Event: 12.970 GC heap before
{Heap before GC invocations=4 (full 0):
 PSYoungGen      total 28672K, used 11936K [0x00000000e0000000, 0x00000000e2000000, 0x0000000100000000)
  eden space 24576K, 31% used [0x00000000e0000000,0x00000000e07aa868,0x00000000e1800000)
  from space 4096K, 99% used [0x00000000e1800000,0x00000000e1bfdb58,0x00000000e1c00000)
  to   space 4096K, 0% used [0x00000000e1c00000,0x00000000e1c00000,0x00000000e2000000)
 ParOldGen       total 65536K, used 8629K [0x00000000a0000000, 0x00000000a4000000, 0x00000000e0000000)
  object space 65536K, 13% used [0x00000000a0000000,0x00000000a086d790,0x00000000a4000000)
 Metaspace       used 20970K, capacity 21146K, committed 21296K, reserved 1069056K
  class space    used 2572K, capacity 2665K, committed 2688K, reserved 1048576K
Event: 12.979 GC heap after
Heap after GC invocations=4 (full 0):
 PSYoungGen      total 28672K, used 4070K [0x00000000e0000000, 0x00000000e3800000, 0x0000000100000000)
  eden space 24576K, 0% used [0x00000000e0000000,0x00000000e0000000,0x00000000e1800000)
  from space 4096K, 99% used [0x00000000e1c00000,0x00000000e1ff9b48,0x00000000e2000000)
  to   space 4096K, 0% used [0x00000000e1800000,0x00000000e1800000,0x00000000e1c00000)
 ParOldGen       total 65536K, used 11442K [0x00000000a0000000, 0x00000000a4000000, 0x00000000e0000000)
  object space 65536K, 17% used [0x00000000a0000000,0x00000000a0b2c9b8,0x00000000a4000000)
 Metaspace       used 20970K, capacity 21146K, committed 21296K, reserved 1069056K
  class space    used 2572K, capacity 2665K, committed 2688K, reserved 1048576K
}
Event: 12.979 GC heap before
{Heap before GC invocations=5 (full 1):
 PSYoungGen      total 28672K, used 4070K [0x00000000e0000000, 0x00000000e3800000, 0x0000000100000000)
  eden space 24576K, 0% used [0x00000000e0000000,0x00000000e0000000,0x00000000e1800000)
  from space 4096K, 99% used [0x00000000e1c00000,0x00000000e1ff9b48,0x00000000e2000000)
  to   space 4096K, 0% used [0x00000000e1800000,0x00000000e1800000,0x00000000e1c00000)
 ParOldGen       total 65536K, used 11442K [0x00000000a0000000, 0x00000000a4000000, 0x00000000e0000000)
  object space 65536K, 17% used [0x00000000a0000000,0x00000000a0b2c9b8,0x00000000a4000000)
 Metaspace       used 20970K, capacity 21146K, committed 21296K, reserved 1069056K
  class space    used 2572K, capacity 2665K, committed 2688K, reserved 1048576K
Event: 13.015 GC heap after
Heap after GC invocations=5 (full 1):
 PSYoungGen      total 28672K, used 0K [0x00000000e0000000, 0x00000000e3800000, 0x0000000100000000)
  eden space 24576K, 0% used [0x00000000e0000000,0x00000000e0000000,0x00000000e1800000)
  from space 4096K, 0% used [0x00000000e1c00000,0x00000000e1c00000,0x00000000e2000000)
  to   space 4096K, 0% used [0x00000000e1800000,0x00000000e1800000,0x00000000e1c00000)
 ParOldGen       total 40960K, used 7449K [0x00000000a0000000, 0x00000000a2800000, 0x00000000e0000000)
  object space 40960K, 18% used [0x00000000a0000000,0x00000000a0746490,0x00000000a2800000)
 Metaspace       used 20970K, capacity 21146K, committed 21296K, reserved 1069056K
  class space    used 2572K, capacity 2665K, committed 2688K, reserved 1048576K
}
Event: 14.052 GC heap before
{Heap before GC invocations=6 (full 1):
 PSYoungGen      total 28672K, used 24576K [0x00000000e0000000, 0x00000000e3800000, 0x0000000100000000)
  eden space 24576K, 100% used [0x00000000e0000000,0x00000000e1800000,0x00000000e1800000)
  from space 4096K, 0% used [0x00000000e1c00000,0x00000000e1c00000,0x00000000e2000000)
  to   space 4096K, 0% used [0x00000000e1800000,0x00000000e1800000,0x00000000e1c00000)
 ParOldGen       total 40960K, used 7449K [0x00000000a0000000, 0x00000000a2800000, 0x00000000e0000000)
  object space 40960K, 18% used [0x00000000a0000000,0x00000000a0746490,0x00000000a2800000)
 Metaspace       used 23593K, capacity 23902K, committed 24064K, reserved 1071104K
  class space    used 2964K, capacity 3061K, committed 3072K, reserved 1048576K
Event: 14.057 GC heap after
Heap after GC invocations=6 (full 1):
 PSYoungGen      total 28672K, used 4054K [0x00000000e0000000, 0x00000000e3f80000, 0x0000000100000000)
  eden space 24576K, 0% used [0x00000000e0000000,0x00000000e0000000,0x00000000e1800000)
  from space 4096K, 98% used [0x00000000e1800000,0x00000000e1bf5a08,0x00000000e1c00000)
  to   space 9728K, 0% used [0x00000000e3600000,0x00000000e3600000,0x00000000e3f80000)
 ParOldGen       total 40960K, used 7449K [0x00000000a0000000, 0x00000000a2800000, 0x00000000e0000000)
  object space 40960K, 18% used [0x00000000a0000000,0x00000000a0746490,0x00000000a2800000)
 Metaspace       used 23593K, capacity 23902K, committed 24064K, reserved 1071104K
  class space    used 2964K, capacity 3061K, committed 3072K, reserved 1048576K
}
Event: 28.017 GC heap before
{Heap before GC invocations=7 (full 1):
 PSYoungGen      total 28672K, used 28630K [0x00000000e0000000, 0x00000000e3f80000, 0x0000000100000000)
  eden space 24576K, 100% used [0x00000000e0000000,0x00000000e1800000,0x00000000e1800000)
  from space 4096K, 98% used [0x00000000e1800000,0x00000000e1bf5a08,0x00000000e1c00000)
  to   space 9728K, 0% used [0x00000000e3600000,0x00000000e3600000,0x00000000e3f80000)
 ParOldGen       total 40960K, used 7449K [0x00000000a0000000, 0x00000000a2800000, 0x00000000e0000000)
  object space 40960K, 18% used [0x00000000a0000000,0x00000000a0746490,0x00000000a2800000)
 Metaspace       used 27066K, capacity 27344K, committed 27648K, reserved 1073152K
  class space    used 3447K, capacity 3544K, committed 3584K, reserved 1048576K
Event: 28.059 GC heap after
Heap after GC invocations=7 (full 1):
 PSYoungGen      total 52224K, used 5908K [0x00000000e0000000, 0x00000000e3d80000, 0x0000000100000000)
  eden space 44544K, 0% used [0x00000000e0000000,0x00000000e0000000,0x00000000e2b80000)
  from space 7680K, 76% used [0x00000000e3600000,0x00000000e3bc5210,0x00000000e3d80000)
  to   space 9216K, 0% used [0x00000000e2b80000,0x00000000e2b80000,0x00000000e3480000)
 ParOldGen       total 40960K, used 7449K [0x00000000a0000000, 0x00000000a2800000, 0x00000000e0000000)
  object space 40960K, 18% used [0x00000000a0000000,0x00000000a0746490,0x00000000a2800000)
 Metaspace       used 27066K, capacity 27344K, committed 27648K, reserved 1073152K
  class space    used 3447K, capacity 3544K, committed 3584K, reserved 1048576K
}

