# JRE version: Java(TM) SE Runtime Environment (8.0_111-b14) (build 1.8.0_111-b14)
# Java VM: Java HotSpot(TM) 64-Bit Server VM (25.111-b14 mixed mode windows-amd64 compressed oops)
Heap:
 PSYoungGen      total 107008K, used 89890K [0x00000000e0000000, 0x00000000e7300000, 0x0000000100000000)
  eden space 97792K, 89% used [0x00000000e0000000,0x00000000e54febe8,0x00000000e5f80000)
  from space 9216K, 30% used [0x00000000e5f80000,0x00000000e624a000,0x00000000e6880000)
  to   space 9216K, 0% used [0x00000000e6a00000,0x00000000e6a00000,0x00000000e7300000)
 ParOldGen       total 167424K, used 80463K [0x00000000a0000000, 0x00000000aa380000, 0x00000000e0000000)
  object space 167424K, 48% used [0x00000000a0000000,0x00000000a4e93ef8,0x00000000aa380000)
 Metaspace       used 33709K, capacity 34212K, committed 34432K, reserved 1079296K
  class space    used 3712K, capacity 3868K, committed 3968K, reserved 1048576K
GC Heap History (10 events):
Event: 10125.821 GC heap before
{Heap before GC invocations=892 (full 3):
 PSYoungGen      total 102912K, used 100132K [0x00000000e0000000, 0x00000000e6d80000, 0x0000000100000000)
  eden space 94208K, 100% used [0x00000000e0000000,0x00000000e5c00000,0x00000000e5c00000)
  from space 8704K, 68% used [0x00000000e6480000,0x00000000e6a493d0,0x00000000e6d00000)
  to   space 8704K, 0% used [0x00000000e5c00000,0x00000000e5c00000,0x00000000e6480000)
 ParOldGen       total 167424K, used 79323K [0x00000000a0000000, 0x00000000aa380000, 0x00000000e0000000)
  object space 167424K, 47% used [0x00000000a0000000,0x00000000a4d76e60,0x00000000aa380000)
 Metaspace       used 32921K, capacity 33322K, committed 33536K, reserved 1079296K
  class space    used 3630K, capacity 3731K, committed 3840K, reserved 1048576K
Event: 10125.824 GC heap after
Heap after GC invocations=892 (full 3):
 PSYoungGen      total 102912K, used 2644K [0x00000000e0000000, 0x00000000e6f80000, 0x0000000100000000)
  eden space 94208K, 0% used [0x00000000e0000000,0x00000000e0000000,0x00000000e5c00000)
  from space 8704K, 30% used [0x00000000e5c00000,0x00000000e5e95320,0x00000000e6480000)
  to   space 8704K, 0% used [0x00000000e6700000,0x00000000e6700000,0x00000000e6f80000)
 ParOldGen       total 167424K, used 79475K [0x00000000a0000000, 0x00000000aa380000, 0x00000000e0000000)
  object space 167424K, 47% used [0x00000000a0000000,0x00000000a4d9cf00,0x00000000aa380000)
 Metaspace       used 32921K, capacity 33322K, committed 33536K, reserved 1079296K
  class space    used 3630K, capacity 3731K, committed 3840K, reserved 1048576K
}
Event: 10130.050 GC heap before
{Heap before GC invocations=893 (full 3):
 PSYoungGen      total 102912K, used 96852K [0x00000000e0000000, 0x00000000e6f80000, 0x0000000100000000)
  eden space 94208K, 100% used [0x00000000e0000000,0x00000000e5c00000,0x00000000e5c00000)
  from space 8704K, 30% used [0x00000000e5c00000,0x00000000e5e95320,0x00000000e6480000)
  to   space 8704K, 0% used [0x00000000e6700000,0x00000000e6700000,0x00000000e6f80000)
 ParOldGen       total 167424K, used 79475K [0x00000000a0000000, 0x00000000aa380000, 0x00000000e0000000)
  object space 167424K, 47% used [0x00000000a0000000,0x00000000a4d9cf00,0x00000000aa380000)
 Metaspace       used 32921K, capacity 33322K, committed 33536K, reserved 1079296K
  class space    used 3630K, capacity 3731K, committed 3840K, reserved 1048576K
Event: 10130.055 GC heap after
Heap after GC invocations=893 (full 3):
 PSYoungGen      total 104448K, used 8065K [0x00000000e0000000, 0x00000000e7180000, 0x0000000100000000)
  eden space 95744K, 0% used [0x00000000e0000000,0x00000000e0000000,0x00000000e5d80000)
  from space 8704K, 92% used [0x00000000e6700000,0x00000000e6ee04d0,0x00000000e6f80000)
  to   space 9728K, 0% used [0x00000000e5d80000,0x00000000e5d80000,0x00000000e6700000)
 ParOldGen       total 167424K, used 80319K [0x00000000a0000000, 0x00000000aa380000, 0x00000000e0000000)
  object space 167424K, 47% used [0x00000000a0000000,0x00000000a4e6fef8,0x00000000aa380000)
 Metaspace       used 32921K, capacity 33322K, committed 33536K, reserved 1079296K
  class space    used 3630K, capacity 3731K, committed 3840K, reserved 1048576K
}
Event: 10132.141 GC heap before
{Heap before GC invocations=894 (full 3):
 PSYoungGen      total 104448K, used 100770K [0x00000000e0000000, 0x00000000e7180000, 0x0000000100000000)
  eden space 95744K, 96% used [0x00000000e0000000,0x00000000e5a886e0,0x00000000e5d80000)
  from space 8704K, 92% used [0x00000000e6700000,0x00000000e6ee04d0,0x00000000e6f80000)
  to   space 9728K, 0% used [0x00000000e5d80000,0x00000000e5d80000,0x00000000e6700000)
 ParOldGen       total 167424K, used 80319K [0x00000000a0000000, 0x00000000aa380000, 0x00000000e0000000)
  object space 167424K, 47% used [0x00000000a0000000,0x00000000a4e6fef8,0x00000000aa380000)
 Metaspace       used 32921K, capacity 33322K, committed 33536K, reserved 1079296K
  class space    used 3630K, capacity 3731K, committed 3840K, reserved 1048576K
Event: 10132.144 GC heap after
Heap after GC invocations=894 (full 3):
 PSYoungGen      total 105472K, used 1842K [0x00000000e0000000, 0x00000000e7300000, 0x0000000100000000)
  eden space 95744K, 0% used [0x00000000e0000000,0x00000000e0000000,0x00000000e5d80000)
  from space 9728K, 18% used [0x00000000e5d80000,0x00000000e5f4c9e0,0x00000000e6700000)
  to   space 9728K, 0% used [0x00000000e6980000,0x00000000e6980000,0x00000000e7300000)
 ParOldGen       total 167424K, used 80359K [0x00000000a0000000, 0x00000000aa380000, 0x00000000e0000000)
  object space 167424K, 47% used [0x00000000a0000000,0x00000000a4e79ef8,0x00000000aa380000)
 Metaspace       used 32921K, capacity 33322K, committed 33536K, reserved 1079296K
  class space    used 3630K, capacity 3731K, committed 3840K, reserved 1048576K
}
Event: 10354.428 GC heap before
{Heap before GC invocations=895 (full 3):
 PSYoungGen      total 105472K, used 96446K [0x00000000e0000000, 0x00000000e7300000, 0x0000000100000000)
  eden space 95744K, 98% used [0x00000000e0000000,0x00000000e5c62f40,0x00000000e5d80000)
  from space 9728K, 18% used [0x00000000e5d80000,0x00000000e5f4c9e0,0x00000000e6700000)
  to   space 9728K, 0% used [0x00000000e6980000,0x00000000e6980000,0x00000000e7300000)
 ParOldGen       total 167424K, used 80359K [0x00000000a0000000, 0x00000000aa380000, 0x00000000e0000000)
  object space 167424K, 47% used [0x00000000a0000000,0x00000000a4e79ef8,0x00000000aa380000)
 Metaspace       used 32939K, capacity 33398K, committed 33792K, reserved 1079296K
  class space    used 3631K, capacity 3733K, committed 3840K, reserved 1048576K
Event: 10354.436 GC heap after
Heap after GC invocations=895 (full 3):
 PSYoungGen      total 105984K, used 2928K [0x00000000e0000000, 0x00000000e7180000, 0x0000000100000000)
  eden space 97792K, 0% used [0x00000000e0000000,0x00000000e0000000,0x00000000e5f80000)
  from space 8192K, 35% used [0x00000000e6980000,0x00000000e6c5c360,0x00000000e7180000)
  to   space 9216K, 0% used [0x00000000e5f80000,0x00000000e5f80000,0x00000000e6880000)
 ParOldGen       total 167424K, used 80399K [0x00000000a0000000, 0x00000000aa380000, 0x00000000e0000000)
  object space 167424K, 48% used [0x00000000a0000000,0x00000000a4e83ef8,0x00000000aa380000)
 Metaspace       used 32939K, capacity 33398K, committed 33792K, reserved 1079296K
  class space    used 3631K, capacity 3733K, committed 3840K, reserved 1048576K
}
Event: 10462.437 GC heap before
{Heap before GC invocations=896 (full 3):
 PSYoungGen      total 105984K, used 100720K [0x00000000e0000000, 0x00000000e7180000, 0x0000000100000000)
  eden space 97792K, 100% used [0x00000000e0000000,0x00000000e5f80000,0x00000000e5f80000)
  from space 8192K, 35% used [0x00000000e6980000,0x00000000e6c5c360,0x00000000e7180000)
  to   space 9216K, 0% used [0x00000000e5f80000,0x00000000e5f80000,0x00000000e6880000)
 ParOldGen       total 167424K, used 80399K [0x00000000a0000000, 0x00000000aa380000, 0x00000000e0000000)
  object space 167424K, 48% used [0x00000000a0000000,0x00000000a4e83ef8,0x00000000aa380000)
 Metaspace       used 32941K, capacity 33398K, committed 33792K, reserved 1079296K
  class space    used 3631K, capacity 3733K, committed 3840K, reserved 1048576K
Event: 10462.443 GC heap after
Heap after GC invocations=896 (full 3):
 PSYoungGen      total 107008K, used 2856K [0x00000000e0000000, 0x00000000e7300000, 0x0000000100000000)
  eden space 97792K, 0% used [0x00000000e0000000,0x00000000e0000000,0x00000000e5f80000)
  from space 9216K, 30% used [0x00000000e5f80000,0x00000000e624a000,0x00000000e6880000)
  to   space 9216K, 0% used [0x00000000e6a00000,0x00000000e6a00000,0x00000000e7300000)
 ParOldGen       total 167424K, used 80463K [0x00000000a0000000, 0x00000000aa380000, 0x00000000e0000000)
  object space 167424K, 48% used [0x00000000a0000000,0x00000000a4e93ef8,0x00000000aa380000)
 Metaspace       used 32941K, capacity 33398K, committed 33792K, reserved 1079296K
  class space    used 3631K, capacity 3733K, committed 3840K, reserved 1048576K
}

