# JRE version: Java(TM) SE Runtime Environment (8.0_111-b14) (build 1.8.0_111-b14)
# Java VM: Java HotSpot(TM) 64-Bit Server VM (25.111-b14 mixed mode windows-amd64 compressed oops)
Heap:
 PSYoungGen      total 146432K, used 22379K [0x00000000e0000000, 0x00000000ed200000, 0x0000000100000000)
  eden space 135168K, 8% used [0x00000000e0000000,0x00000000e0adf088,0x00000000e8400000)
  from space 11264K, 99% used [0x00000000ec700000,0x00000000ed1fbee8,0x00000000ed200000)
  to   space 13312K, 0% used [0x00000000eb800000,0x00000000eb800000,0x00000000ec500000)
 ParOldGen       total 56320K, used 15753K [0x00000000a0000000, 0x00000000a3700000, 0x00000000e0000000)
  object space 56320K, 27% used [0x00000000a0000000,0x00000000a0f625f8,0x00000000a3700000)
 Metaspace       used 27103K, capacity 27354K, committed 27824K, reserved 1073152K
  class space    used 3054K, capacity 3163K, committed 3248K, reserved 1048576K
GC Heap History (10 events):
Event: 2.368 GC heap before
{Heap before GC invocations=5 (full 0):
 PSYoungGen      total 53248K, used 53232K [0x00000000e0000000, 0x00000000e3800000, 0x0000000100000000)
  eden space 49152K, 100% used [0x00000000e0000000,0x00000000e3000000,0x00000000e3000000)
  from space 4096K, 99% used [0x00000000e3400000,0x00000000e37fc010,0x00000000e3800000)
  to   space 4096K, 0% used [0x00000000e3000000,0x00000000e3000000,0x00000000e3400000)
 ParOldGen       total 65536K, used 1780K [0x00000000a0000000, 0x00000000a4000000, 0x00000000e0000000)
  object space 65536K, 2% used [0x00000000a0000000,0x00000000a01bd0c8,0x00000000a4000000)
 Metaspace       used 14971K, capacity 15090K, committed 15360K, reserved 1062912K
  class space    used 1599K, capacity 1666K, committed 1792K, reserved 1048576K
Event: 2.384 GC heap after
Heap after GC invocations=5 (full 0):
 PSYoungGen      total 53248K, used 4096K [0x00000000e0000000, 0x00000000e7100000, 0x0000000100000000)
  eden space 49152K, 0% used [0x00000000e0000000,0x00000000e0000000,0x00000000e3000000)
  from space 4096K, 100% used [0x00000000e3000000,0x00000000e3400000,0x00000000e3400000)
  to   space 8704K, 0% used [0x00000000e6880000,0x00000000e6880000,0x00000000e7100000)
 ParOldGen       total 65536K, used 6385K [0x00000000a0000000, 0x00000000a4000000, 0x00000000e0000000)
  object space 65536K, 9% used [0x00000000a0000000,0x00000000a063c440,0x00000000a4000000)
 Metaspace       used 14971K, capacity 15090K, committed 15360K, reserved 1062912K
  class space    used 1599K, capacity 1666K, committed 1792K, reserved 1048576K
}
Event: 4.065 GC heap before
{Heap before GC invocations=6 (full 0):
 PSYoungGen      total 53248K, used 53248K [0x00000000e0000000, 0x00000000e7100000, 0x0000000100000000)
  eden space 49152K, 100% used [0x00000000e0000000,0x00000000e3000000,0x00000000e3000000)
  from space 4096K, 100% used [0x00000000e3000000,0x00000000e3400000,0x00000000e3400000)
  to   space 8704K, 0% used [0x00000000e6880000,0x00000000e6880000,0x00000000e7100000)
 ParOldGen       total 65536K, used 6385K [0x00000000a0000000, 0x00000000a4000000, 0x00000000e0000000)
  object space 65536K, 9% used [0x00000000a0000000,0x00000000a063c440,0x00000000a4000000)
 Metaspace       used 19929K, capacity 20154K, committed 20480K, reserved 1067008K
  class space    used 2137K, capacity 2182K, committed 2304K, reserved 1048576K
Event: 4.081 GC heap after
Heap after GC invocations=6 (full 0):
 PSYoungGen      total 104960K, used 8679K [0x00000000e0000000, 0x00000000e7500000, 0x0000000100000000)
  eden space 96256K, 0% used [0x00000000e0000000,0x00000000e0000000,0x00000000e5e00000)
  from space 8704K, 99% used [0x00000000e6880000,0x00000000e70f9f08,0x00000000e7100000)
  to   space 10752K, 0% used [0x00000000e5e00000,0x00000000e5e00000,0x00000000e6880000)
 ParOldGen       total 65536K, used 7699K [0x00000000a0000000, 0x00000000a4000000, 0x00000000e0000000)
  object space 65536K, 11% used [0x00000000a0000000,0x00000000a0784c20,0x00000000a4000000)
 Metaspace       used 19929K, capacity 20154K, committed 20480K, reserved 1067008K
  class space    used 2137K, capacity 2182K, committed 2304K, reserved 1048576K
}
Event: 4.327 GC heap before
{Heap before GC invocations=7 (full 0):
 PSYoungGen      total 104960K, used 15716K [0x00000000e0000000, 0x00000000e7500000, 0x0000000100000000)
  eden space 96256K, 7% used [0x00000000e0000000,0x00000000e06df388,0x00000000e5e00000)
  from space 8704K, 99% used [0x00000000e6880000,0x00000000e70f9f08,0x00000000e7100000)
  to   space 10752K, 0% used [0x00000000e5e00000,0x00000000e5e00000,0x00000000e6880000)
 ParOldGen       total 65536K, used 7699K [0x00000000a0000000, 0x00000000a4000000, 0x00000000e0000000)
  object space 65536K, 11% used [0x00000000a0000000,0x00000000a0784c20,0x00000000a4000000)
 Metaspace       used 20924K, capacity 21122K, committed 21296K, reserved 1069056K
  class space    used 2241K, capacity 2313K, committed 2352K, reserved 1048576K
Event: 4.344 GC heap after
Heap after GC invocations=7 (full 0):
 PSYoungGen      total 107008K, used 8232K [0x00000000e0000000, 0x00000000ed200000, 0x0000000100000000)
  eden space 96256K, 0% used [0x00000000e0000000,0x00000000e0000000,0x00000000e5e00000)
  from space 10752K, 76% used [0x00000000e5e00000,0x00000000e660a190,0x00000000e6880000)
  to   space 11264K, 0% used [0x00000000ec700000,0x00000000ec700000,0x00000000ed200000)
 ParOldGen       total 65536K, used 8803K [0x00000000a0000000, 0x00000000a4000000, 0x00000000e0000000)
  object space 65536K, 13% used [0x00000000a0000000,0x00000000a0898d50,0x00000000a4000000)
 Metaspace       used 20924K, capacity 21122K, committed 21296K, reserved 1069056K
  class space    used 2241K, capacity 2313K, committed 2352K, reserved 1048576K
}
Event: 4.344 GC heap before
{Heap before GC invocations=8 (full 1):
 PSYoungGen      total 107008K, used 8232K [0x00000000e0000000, 0x00000000ed200000, 0x0000000100000000)
  eden space 96256K, 0% used [0x00000000e0000000,0x00000000e0000000,0x00000000e5e00000)
  from space 10752K, 76% used [0x00000000e5e00000,0x00000000e660a190,0x00000000e6880000)
  to   space 11264K, 0% used [0x00000000ec700000,0x00000000ec700000,0x00000000ed200000)
 ParOldGen       total 65536K, used 8803K [0x00000000a0000000, 0x00000000a4000000, 0x00000000e0000000)
  object space 65536K, 13% used [0x00000000a0000000,0x00000000a0898d50,0x00000000a4000000)
 Metaspace       used 20924K, capacity 21122K, committed 21296K, reserved 1069056K
  class space    used 2241K, capacity 2313K, committed 2352K, reserved 1048576K
Event: 4.526 GC heap after
Heap after GC invocations=8 (full 1):
 PSYoungGen      total 107008K, used 0K [0x00000000e0000000, 0x00000000ed200000, 0x0000000100000000)
  eden space 96256K, 0% used [0x00000000e0000000,0x00000000e0000000,0x00000000e5e00000)
  from space 10752K, 0% used [0x00000000e5e00000,0x00000000e5e00000,0x00000000e6880000)
  to   space 11264K, 0% used [0x00000000ec700000,0x00000000ec700000,0x00000000ed200000)
 ParOldGen       total 56320K, used 14924K [0x00000000a0000000, 0x00000000a3700000, 0x00000000e0000000)
  object space 56320K, 26% used [0x00000000a0000000,0x00000000a0e932c8,0x00000000a3700000)
 Metaspace       used 20924K, capacity 21122K, committed 21296K, reserved 1069056K
  class space    used 2241K, capacity 2313K, committed 2352K, reserved 1048576K
}
Event: 57.100 GC heap before
{Heap before GC invocations=9 (full 1):
 PSYoungGen      total 107008K, used 96256K [0x00000000e0000000, 0x00000000ed200000, 0x0000000100000000)
  eden space 96256K, 100% used [0x00000000e0000000,0x00000000e5e00000,0x00000000e5e00000)
  from space 10752K, 0% used [0x00000000e5e00000,0x00000000e5e00000,0x00000000e6880000)
  to   space 11264K, 0% used [0x00000000ec700000,0x00000000ec700000,0x00000000ed200000)
 ParOldGen       total 56320K, used 14924K [0x00000000a0000000, 0x00000000a3700000, 0x00000000e0000000)
  object space 56320K, 26% used [0x00000000a0000000,0x00000000a0e932c8,0x00000000a3700000)
 Metaspace       used 26637K, capacity 26864K, committed 27312K, reserved 1073152K
  class space    used 3032K, capacity 3130K, committed 3248K, reserved 1048576K
Event: 57.118 GC heap after
Heap after GC invocations=9 (full 1):
 PSYoungGen      total 146432K, used 11247K [0x00000000e0000000, 0x00000000ed200000, 0x0000000100000000)
  eden space 135168K, 0% used [0x00000000e0000000,0x00000000e0000000,0x00000000e8400000)
  from space 11264K, 99% used [0x00000000ec700000,0x00000000ed1fbee8,0x00000000ed200000)
  to   space 13312K, 0% used [0x00000000eb800000,0x00000000eb800000,0x00000000ec500000)
 ParOldGen       total 56320K, used 15753K [0x00000000a0000000, 0x00000000a3700000, 0x00000000e0000000)
  object space 56320K, 27% used [0x00000000a0000000,0x00000000a0f625f8,0x00000000a3700000)
 Metaspace       used 26637K, capacity 26864K, committed 27312K, reserved 1073152K
  class space    used 3032K, capacity 3130K, committed 3248K, reserved 1048576K
}

