# JRE version: Java(TM) SE Runtime Environment (8.0_111-b14) (build 1.8.0_111-b14)
# Java VM: Java HotSpot(TM) 64-Bit Server VM (25.111-b14 mixed mode windows-amd64 compressed oops)
Heap:
 PSYoungGen      total 241152K, used 36640K [0x00000000e0000000, 0x00000000f0280000, 0x0000000100000000)
  eden space 227328K, 13% used [0x00000000e0000000,0x00000000e1d3e860,0x00000000ede00000)
  from space 13824K, 48% used [0x00000000ede00000,0x00000000ee489af0,0x00000000eeb80000)
  to   space 13824K, 0% used [0x00000000ef500000,0x00000000ef500000,0x00000000f0280000)
 ParOldGen       total 57856K, used 26496K [0x00000000a0000000, 0x00000000a3880000, 0x00000000e0000000)
  object space 57856K, 45% used [0x00000000a0000000,0x00000000a19e0318,0x00000000a3880000)
 Metaspace       used 28947K, capacity 29220K, committed 29568K, reserved 1075200K
  class space    used 3295K, capacity 3400K, committed 3456K, reserved 1048576K
GC Heap History (10 events):
Event: 406.475 GC heap before
{Heap before GC invocations=16 (full 1):
 PSYoungGen      total 210944K, used 204414K [0x00000000e0000000, 0x00000000ee400000, 0x0000000100000000)
  eden space 200704K, 98% used [0x00000000e0000000,0x00000000ec12f958,0x00000000ec400000)
  from space 10240K, 64% used [0x00000000eda00000,0x00000000ee070150,0x00000000ee400000)
  to   space 16384K, 0% used [0x00000000ec400000,0x00000000ec400000,0x00000000ed400000)
 ParOldGen       total 57856K, used 26472K [0x00000000a0000000, 0x00000000a3880000, 0x00000000e0000000)
  object space 57856K, 45% used [0x00000000a0000000,0x00000000a19da318,0x00000000a3880000)
 Metaspace       used 28903K, capacity 29220K, committed 29568K, reserved 1075200K
  class space    used 3295K, capacity 3400K, committed 3456K, reserved 1048576K
Event: 406.477 GC heap after
Heap after GC invocations=16 (full 1):
 PSYoungGen      total 217088K, used 422K [0x00000000e0000000, 0x00000000ef400000, 0x0000000100000000)
  eden space 200704K, 0% used [0x00000000e0000000,0x00000000e0000000,0x00000000ec400000)
  from space 16384K, 2% used [0x00000000ec400000,0x00000000ec469ad0,0x00000000ed400000)
  to   space 14848K, 0% used [0x00000000ee580000,0x00000000ee580000,0x00000000ef400000)
 ParOldGen       total 57856K, used 26480K [0x00000000a0000000, 0x00000000a3880000, 0x00000000e0000000)
  object space 57856K, 45% used [0x00000000a0000000,0x00000000a19dc318,0x00000000a3880000)
 Metaspace       used 28903K, capacity 29220K, committed 29568K, reserved 1075200K
  class space    used 3295K, capacity 3400K, committed 3456K, reserved 1048576K
}
Event: 410.704 GC heap before
{Heap before GC invocations=17 (full 1):
 PSYoungGen      total 217088K, used 201126K [0x00000000e0000000, 0x00000000ef400000, 0x0000000100000000)
  eden space 200704K, 100% used [0x00000000e0000000,0x00000000ec400000,0x00000000ec400000)
  from space 16384K, 2% used [0x00000000ec400000,0x00000000ec469ad0,0x00000000ed400000)
  to   space 14848K, 0% used [0x00000000ee580000,0x00000000ee580000,0x00000000ef400000)
 ParOldGen       total 57856K, used 26480K [0x00000000a0000000, 0x00000000a3880000, 0x00000000e0000000)
  object space 57856K, 45% used [0x00000000a0000000,0x00000000a19dc318,0x00000000a3880000)
 Metaspace       used 28919K, capacity 29220K, committed 29568K, reserved 1075200K
  class space    used 3295K, capacity 3400K, committed 3456K, reserved 1048576K
Event: 410.709 GC heap after
Heap after GC invocations=17 (full 1):
 PSYoungGen      total 229888K, used 3590K [0x00000000e0000000, 0x00000000ef100000, 0x0000000100000000)
  eden space 218112K, 0% used [0x00000000e0000000,0x00000000e0000000,0x00000000ed500000)
  from space 11776K, 30% used [0x00000000ee580000,0x00000000ee901ae0,0x00000000ef100000)
  to   space 14336K, 0% used [0x00000000ed500000,0x00000000ed500000,0x00000000ee300000)
 ParOldGen       total 57856K, used 26488K [0x00000000a0000000, 0x00000000a3880000, 0x00000000e0000000)
  object space 57856K, 45% used [0x00000000a0000000,0x00000000a19de318,0x00000000a3880000)
 Metaspace       used 28919K, capacity 29220K, committed 29568K, reserved 1075200K
  class space    used 3295K, capacity 3400K, committed 3456K, reserved 1048576K
}
Event: 420.121 GC heap before
{Heap before GC invocations=18 (full 1):
 PSYoungGen      total 229888K, used 221702K [0x00000000e0000000, 0x00000000ef100000, 0x0000000100000000)
  eden space 218112K, 100% used [0x00000000e0000000,0x00000000ed500000,0x00000000ed500000)
  from space 11776K, 30% used [0x00000000ee580000,0x00000000ee901ae0,0x00000000ef100000)
  to   space 14336K, 0% used [0x00000000ed500000,0x00000000ed500000,0x00000000ee300000)
 ParOldGen       total 57856K, used 26488K [0x00000000a0000000, 0x00000000a3880000, 0x00000000e0000000)
  object space 57856K, 45% used [0x00000000a0000000,0x00000000a19de318,0x00000000a3880000)
 Metaspace       used 28923K, capacity 29220K, committed 29568K, reserved 1075200K
  class space    used 3295K, capacity 3400K, committed 3456K, reserved 1048576K
Event: 420.128 GC heap after
Heap after GC invocations=18 (full 1):
 PSYoungGen      total 232448K, used 470K [0x00000000e0000000, 0x00000000efa80000, 0x0000000100000000)
  eden space 218112K, 0% used [0x00000000e0000000,0x00000000e0000000,0x00000000ed500000)
  from space 14336K, 3% used [0x00000000ed500000,0x00000000ed575ae0,0x00000000ee300000)
  to   space 13824K, 0% used [0x00000000eed00000,0x00000000eed00000,0x00000000efa80000)
 ParOldGen       total 57856K, used 26496K [0x00000000a0000000, 0x00000000a3880000, 0x00000000e0000000)
  object space 57856K, 45% used [0x00000000a0000000,0x00000000a19e0318,0x00000000a3880000)
 Metaspace       used 28923K, capacity 29220K, committed 29568K, reserved 1075200K
  class space    used 3295K, capacity 3400K, committed 3456K, reserved 1048576K
}
Event: 425.022 GC heap before
{Heap before GC invocations=19 (full 1):
 PSYoungGen      total 232448K, used 218582K [0x00000000e0000000, 0x00000000efa80000, 0x0000000100000000)
  eden space 218112K, 100% used [0x00000000e0000000,0x00000000ed500000,0x00000000ed500000)
  from space 14336K, 3% used [0x00000000ed500000,0x00000000ed575ae0,0x00000000ee300000)
  to   space 13824K, 0% used [0x00000000eed00000,0x00000000eed00000,0x00000000efa80000)
 ParOldGen       total 57856K, used 26496K [0x00000000a0000000, 0x00000000a3880000, 0x00000000e0000000)
  object space 57856K, 45% used [0x00000000a0000000,0x00000000a19e0318,0x00000000a3880000)
 Metaspace       used 28925K, capacity 29220K, committed 29568K, reserved 1075200K
  class space    used 3295K, capacity 3400K, committed 3456K, reserved 1048576K
Event: 425.024 GC heap after
Heap after GC invocations=19 (full 1):
 PSYoungGen      total 239616K, used 1572K [0x00000000e0000000, 0x00000000ef900000, 0x0000000100000000)
  eden space 227328K, 0% used [0x00000000e0000000,0x00000000e0000000,0x00000000ede00000)
  from space 12288K, 12% used [0x00000000eed00000,0x00000000eee890e8,0x00000000ef900000)
  to   space 13824K, 0% used [0x00000000ede00000,0x00000000ede00000,0x00000000eeb80000)
 ParOldGen       total 57856K, used 26496K [0x00000000a0000000, 0x00000000a3880000, 0x00000000e0000000)
  object space 57856K, 45% used [0x00000000a0000000,0x00000000a19e0318,0x00000000a3880000)
 Metaspace       used 28925K, capacity 29220K, committed 29568K, reserved 1075200K
  class space    used 3295K, capacity 3400K, committed 3456K, reserved 1048576K
}
Event: 429.769 GC heap before
{Heap before GC invocations=20 (full 1):
 PSYoungGen      total 239616K, used 228900K [0x00000000e0000000, 0x00000000ef900000, 0x0000000100000000)
  eden space 227328K, 100% used [0x00000000e0000000,0x00000000ede00000,0x00000000ede00000)
  from space 12288K, 12% used [0x00000000eed00000,0x00000000eee890e8,0x00000000ef900000)
  to   space 13824K, 0% used [0x00000000ede00000,0x00000000ede00000,0x00000000eeb80000)
 ParOldGen       total 57856K, used 26496K [0x00000000a0000000, 0x00000000a3880000, 0x00000000e0000000)
  object space 57856K, 45% used [0x00000000a0000000,0x00000000a19e0318,0x00000000a3880000)
 Metaspace       used 28927K, capacity 29220K, committed 29568K, reserved 1075200K
  class space    used 3295K, capacity 3400K, committed 3456K, reserved 1048576K
Event: 429.775 GC heap after
Heap after GC invocations=20 (full 1):
 PSYoungGen      total 241152K, used 6694K [0x00000000e0000000, 0x00000000f0280000, 0x0000000100000000)
  eden space 227328K, 0% used [0x00000000e0000000,0x00000000e0000000,0x00000000ede00000)
  from space 13824K, 48% used [0x00000000ede00000,0x00000000ee489af0,0x00000000eeb80000)
  to   space 13824K, 0% used [0x00000000ef500000,0x00000000ef500000,0x00000000f0280000)
 ParOldGen       total 57856K, used 26496K [0x00000000a0000000, 0x00000000a3880000, 0x00000000e0000000)
  object space 57856K, 45% used [0x00000000a0000000,0x00000000a19e0318,0x00000000a3880000)
 Metaspace       used 28927K, capacity 29220K, committed 29568K, reserved 1075200K
  class space    used 3295K, capacity 3400K, committed 3456K, reserved 1048576K
}

