# JRE version: Java(TM) SE Runtime Environment (8.0_131-b11) (build 1.8.0_131-b11)
# Java VM: Java HotSpot(TM) 64-Bit Server VM (25.131-b11 mixed mode windows-amd64 compressed oops)
Heap:
 PSYoungGen      total 179712K, used 137230K [0x00000000e0000000, 0x00000000ed200000, 0x0000000100000000)
  eden space 168960K, 74% used [0x00000000e0000000,0x00000000e7b84f60,0x00000000ea500000)
  from space 10752K, 99% used [0x00000000ec780000,0x00000000ed1fea60,0x00000000ed200000)
  to   space 13312K, 0% used [0x00000000eb800000,0x00000000eb800000,0x00000000ec500000)
 ParOldGen       total 48128K, used 17365K [0x00000000a0000000, 0x00000000a2f00000, 0x00000000e0000000)
  object space 48128K, 36% used [0x00000000a0000000,0x00000000a10f5578,0x00000000a2f00000)
 Metaspace       used 28925K, capacity 29232K, committed 29568K, reserved 1075200K
  class space    used 3279K, capacity 3368K, committed 3456K, reserved 1048576K
GC Heap History (10 events):
Event: 8.084 GC heap before
{Heap before GC invocations=5 (full 0):
 PSYoungGen      total 53248K, used 53216K [0x00000000e0000000, 0x00000000e3800000, 0x0000000100000000)
  eden space 49152K, 100% used [0x00000000e0000000,0x00000000e3000000,0x00000000e3000000)
  from space 4096K, 99% used [0x00000000e3400000,0x00000000e37f8020,0x00000000e3800000)
  to   space 4096K, 0% used [0x00000000e3000000,0x00000000e3000000,0x00000000e3400000)
 ParOldGen       total 65536K, used 3003K [0x00000000a0000000, 0x00000000a4000000, 0x00000000e0000000)
  object space 65536K, 4% used [0x00000000a0000000,0x00000000a02eede0,0x00000000a4000000)
 Metaspace       used 16609K, capacity 16766K, committed 17152K, reserved 1064960K
  class space    used 1860K, capacity 1922K, committed 2048K, reserved 1048576K
Event: 8.108 GC heap after
Heap after GC invocations=5 (full 0):
 PSYoungGen      total 53248K, used 4096K [0x00000000e0000000, 0x00000000e7100000, 0x0000000100000000)
  eden space 49152K, 0% used [0x00000000e0000000,0x00000000e0000000,0x00000000e3000000)
  from space 4096K, 100% used [0x00000000e3000000,0x00000000e3400000,0x00000000e3400000)
  to   space 8704K, 0% used [0x00000000e6880000,0x00000000e6880000,0x00000000e7100000)
 ParOldGen       total 65536K, used 7536K [0x00000000a0000000, 0x00000000a4000000, 0x00000000e0000000)
  object space 65536K, 11% used [0x00000000a0000000,0x00000000a075c268,0x00000000a4000000)
 Metaspace       used 16609K, capacity 16766K, committed 17152K, reserved 1064960K
  class space    used 1860K, capacity 1922K, committed 2048K, reserved 1048576K
}
Event: 9.804 GC heap before
{Heap before GC invocations=6 (full 0):
 PSYoungGen      total 53248K, used 53248K [0x00000000e0000000, 0x00000000e7100000, 0x0000000100000000)
  eden space 49152K, 100% used [0x00000000e0000000,0x00000000e3000000,0x00000000e3000000)
  from space 4096K, 100% used [0x00000000e3000000,0x00000000e3400000,0x00000000e3400000)
  to   space 8704K, 0% used [0x00000000e6880000,0x00000000e6880000,0x00000000e7100000)
 ParOldGen       total 65536K, used 7536K [0x00000000a0000000, 0x00000000a4000000, 0x00000000e0000000)
  object space 65536K, 11% used [0x00000000a0000000,0x00000000a075c268,0x00000000a4000000)
 Metaspace       used 19627K, capacity 19774K, committed 19968K, reserved 1067008K
  class space    used 2185K, capacity 2242K, committed 2304K, reserved 1048576K
Event: 9.825 GC heap after
Heap after GC invocations=6 (full 0):
 PSYoungGen      total 105472K, used 8678K [0x00000000e0000000, 0x00000000e7400000, 0x0000000100000000)
  eden space 96768K, 0% used [0x00000000e0000000,0x00000000e0000000,0x00000000e5e80000)
  from space 8704K, 99% used [0x00000000e6880000,0x00000000e70f9810,0x00000000e7100000)
  to   space 10240K, 0% used [0x00000000e5e80000,0x00000000e5e80000,0x00000000e6880000)
 ParOldGen       total 65536K, used 8198K [0x00000000a0000000, 0x00000000a4000000, 0x00000000e0000000)
  object space 65536K, 12% used [0x00000000a0000000,0x00000000a0801880,0x00000000a4000000)
 Metaspace       used 19627K, capacity 19774K, committed 19968K, reserved 1067008K
  class space    used 2185K, capacity 2242K, committed 2304K, reserved 1048576K
}
Event: 10.058 GC heap before
{Heap before GC invocations=7 (full 0):
 PSYoungGen      total 105472K, used 12186K [0x00000000e0000000, 0x00000000e7400000, 0x0000000100000000)
  eden space 96768K, 3% used [0x00000000e0000000,0x00000000e036d338,0x00000000e5e80000)
  from space 8704K, 99% used [0x00000000e6880000,0x00000000e70f9810,0x00000000e7100000)
  to   space 10240K, 0% used [0x00000000e5e80000,0x00000000e5e80000,0x00000000e6880000)
 ParOldGen       total 65536K, used 8198K [0x00000000a0000000, 0x00000000a4000000, 0x00000000e0000000)
  object space 65536K, 12% used [0x00000000a0000000,0x00000000a0801880,0x00000000a4000000)
 Metaspace       used 20991K, capacity 21118K, committed 21296K, reserved 1069056K
  class space    used 2319K, capacity 2370K, committed 2432K, reserved 1048576K
Event: 10.073 GC heap after
Heap after GC invocations=7 (full 0):
 PSYoungGen      total 107008K, used 8004K [0x00000000e0000000, 0x00000000ed200000, 0x0000000100000000)
  eden space 96768K, 0% used [0x00000000e0000000,0x00000000e0000000,0x00000000e5e80000)
  from space 10240K, 78% used [0x00000000e5e80000,0x00000000e6651310,0x00000000e6880000)
  to   space 10752K, 0% used [0x00000000ec780000,0x00000000ec780000,0x00000000ed200000)
 ParOldGen       total 65536K, used 9101K [0x00000000a0000000, 0x00000000a4000000, 0x00000000e0000000)
  object space 65536K, 13% used [0x00000000a0000000,0x00000000a08e36e8,0x00000000a4000000)
 Metaspace       used 20991K, capacity 21118K, committed 21296K, reserved 1069056K
  class space    used 2319K, capacity 2370K, committed 2432K, reserved 1048576K
}
Event: 10.073 GC heap before
{Heap before GC invocations=8 (full 1):
 PSYoungGen      total 107008K, used 8004K [0x00000000e0000000, 0x00000000ed200000, 0x0000000100000000)
  eden space 96768K, 0% used [0x00000000e0000000,0x00000000e0000000,0x00000000e5e80000)
  from space 10240K, 78% used [0x00000000e5e80000,0x00000000e6651310,0x00000000e6880000)
  to   space 10752K, 0% used [0x00000000ec780000,0x00000000ec780000,0x00000000ed200000)
 ParOldGen       total 65536K, used 9101K [0x00000000a0000000, 0x00000000a4000000, 0x00000000e0000000)
  object space 65536K, 13% used [0x00000000a0000000,0x00000000a08e36e8,0x00000000a4000000)
 Metaspace       used 20991K, capacity 21118K, committed 21296K, reserved 1069056K
  class space    used 2319K, capacity 2370K, committed 2432K, reserved 1048576K
Event: 10.174 GC heap after
Heap after GC invocations=8 (full 1):
 PSYoungGen      total 107008K, used 0K [0x00000000e0000000, 0x00000000ed200000, 0x0000000100000000)
  eden space 96768K, 0% used [0x00000000e0000000,0x00000000e0000000,0x00000000e5e80000)
  from space 10240K, 0% used [0x00000000e5e80000,0x00000000e5e80000,0x00000000e6880000)
  to   space 10752K, 0% used [0x00000000ec780000,0x00000000ec780000,0x00000000ed200000)
 ParOldGen       total 48128K, used 14278K [0x00000000a0000000, 0x00000000a2f00000, 0x00000000e0000000)
  object space 48128K, 29% used [0x00000000a0000000,0x00000000a0df1888,0x00000000a2f00000)
 Metaspace       used 20991K, capacity 21118K, committed 21296K, reserved 1069056K
  class space    used 2319K, capacity 2370K, committed 2432K, reserved 1048576K
}
Event: 46.717 GC heap before
{Heap before GC invocations=9 (full 1):
 PSYoungGen      total 107008K, used 96768K [0x00000000e0000000, 0x00000000ed200000, 0x0000000100000000)
  eden space 96768K, 100% used [0x00000000e0000000,0x00000000e5e80000,0x00000000e5e80000)
  from space 10240K, 0% used [0x00000000e5e80000,0x00000000e5e80000,0x00000000e6880000)
  to   space 10752K, 0% used [0x00000000ec780000,0x00000000ec780000,0x00000000ed200000)
 ParOldGen       total 48128K, used 14278K [0x00000000a0000000, 0x00000000a2f00000, 0x00000000e0000000)
  object space 48128K, 29% used [0x00000000a0000000,0x00000000a0df1888,0x00000000a2f00000)
 Metaspace       used 28146K, capacity 28386K, committed 28800K, reserved 1075200K
  class space    used 3267K, capacity 3355K, committed 3456K, reserved 1048576K
Event: 46.737 GC heap after
Heap after GC invocations=9 (full 1):
 PSYoungGen      total 179712K, used 10746K [0x00000000e0000000, 0x00000000ed200000, 0x0000000100000000)
  eden space 168960K, 0% used [0x00000000e0000000,0x00000000e0000000,0x00000000ea500000)
  from space 10752K, 99% used [0x00000000ec780000,0x00000000ed1fea60,0x00000000ed200000)
  to   space 13312K, 0% used [0x00000000eb800000,0x00000000eb800000,0x00000000ec500000)
 ParOldGen       total 48128K, used 17365K [0x00000000a0000000, 0x00000000a2f00000, 0x00000000e0000000)
  object space 48128K, 36% used [0x00000000a0000000,0x00000000a10f5578,0x00000000a2f00000)
 Metaspace       used 28146K, capacity 28386K, committed 28800K, reserved 1075200K
  class space    used 3267K, capacity 3355K, committed 3456K, reserved 1048576K
}

