# JRE version: Java(TM) SE Runtime Environment (8.0_111-b14) (build 1.8.0_111-b14)
# Java VM: Java HotSpot(TM) 64-Bit Server VM (25.111-b14 mixed mode windows-amd64 compressed oops)
Heap:
 PSYoungGen      total 62976K, used 16087K [0x00000000e0000000, 0x00000000e4080000, 0x0000000100000000)
  eden space 60416K, 22% used [0x00000000e0000000,0x00000000e0d3dc00,0x00000000e3b00000)
  from space 2560K, 98% used [0x00000000e3b00000,0x00000000e3d78010,0x00000000e3d80000)
  to   space 2048K, 0% used [0x00000000e3d80000,0x00000000e3d80000,0x00000000e3f80000)
 ParOldGen       total 94720K, used 82736K [0x00000000a0000000, 0x00000000a5c80000, 0x00000000e0000000)
  object space 94720K, 87% used [0x00000000a0000000,0x00000000a50cc1b0,0x00000000a5c80000)
 Metaspace       used 33386K, capacity 33810K, committed 34048K, reserved 1079296K
  class space    used 3669K, capacity 3775K, committed 3840K, reserved 1048576K
GC Heap History (10 events):
Event: 8938.443 GC heap before
{Heap before GC invocations=2128 (full 75):
 PSYoungGen      total 52736K, used 51220K [0x00000000e0000000, 0x00000000e3580000, 0x0000000100000000)
  eden space 50688K, 100% used [0x00000000e0000000,0x00000000e3180000,0x00000000e3180000)
  from space 2048K, 25% used [0x00000000e3380000,0x00000000e3405030,0x00000000e3580000)
  to   space 2048K, 0% used [0x00000000e3180000,0x00000000e3180000,0x00000000e3380000)
 ParOldGen       total 94720K, used 78564K [0x00000000a0000000, 0x00000000a5c80000, 0x00000000e0000000)
  object space 94720K, 82% used [0x00000000a0000000,0x00000000a4cb9278,0x00000000a5c80000)
 Metaspace       used 33286K, capacity 33746K, committed 34048K, reserved 1079296K
  class space    used 3665K, capacity 3775K, committed 3840K, reserved 1048576K
Event: 8938.448 GC heap after
Heap after GC invocations=2128 (full 75):
 PSYoungGen      total 52736K, used 447K [0x00000000e0000000, 0x00000000e3f80000, 0x0000000100000000)
  eden space 50688K, 0% used [0x00000000e0000000,0x00000000e0000000,0x00000000e3180000)
  from space 2048K, 21% used [0x00000000e3180000,0x00000000e31efc20,0x00000000e3380000)
  to   space 2048K, 0% used [0x00000000e3d80000,0x00000000e3d80000,0x00000000e3f80000)
 ParOldGen       total 94720K, used 78680K [0x00000000a0000000, 0x00000000a5c80000, 0x00000000e0000000)
  object space 94720K, 83% used [0x00000000a0000000,0x00000000a4cd6298,0x00000000a5c80000)
 Metaspace       used 33286K, capacity 33746K, committed 34048K, reserved 1079296K
  class space    used 3665K, capacity 3775K, committed 3840K, reserved 1048576K
}
Event: 8938.598 GC heap before
{Heap before GC invocations=2129 (full 75):
 PSYoungGen      total 52736K, used 51135K [0x00000000e0000000, 0x00000000e3f80000, 0x0000000100000000)
  eden space 50688K, 100% used [0x00000000e0000000,0x00000000e3180000,0x00000000e3180000)
  from space 2048K, 21% used [0x00000000e3180000,0x00000000e31efc20,0x00000000e3380000)
  to   space 2048K, 0% used [0x00000000e3d80000,0x00000000e3d80000,0x00000000e3f80000)
 ParOldGen       total 94720K, used 78680K [0x00000000a0000000, 0x00000000a5c80000, 0x00000000e0000000)
  object space 94720K, 83% used [0x00000000a0000000,0x00000000a4cd6298,0x00000000a5c80000)
 Metaspace       used 33307K, capacity 33746K, committed 34048K, reserved 1079296K
  class space    used 3667K, capacity 3775K, committed 3840K, reserved 1048576K
Event: 8938.603 GC heap after
Heap after GC invocations=2129 (full 75):
 PSYoungGen      total 62464K, used 1835K [0x00000000e0000000, 0x00000000e4080000, 0x0000000100000000)
  eden space 60416K, 0% used [0x00000000e0000000,0x00000000e0000000,0x00000000e3b00000)
  from space 2048K, 89% used [0x00000000e3d80000,0x00000000e3f4af20,0x00000000e3f80000)
  to   space 2560K, 0% used [0x00000000e3b00000,0x00000000e3b00000,0x00000000e3d80000)
 ParOldGen       total 94720K, used 78852K [0x00000000a0000000, 0x00000000a5c80000, 0x00000000e0000000)
  object space 94720K, 83% used [0x00000000a0000000,0x00000000a4d012b8,0x00000000a5c80000)
 Metaspace       used 33307K, capacity 33746K, committed 34048K, reserved 1079296K
  class space    used 3667K, capacity 3775K, committed 3840K, reserved 1048576K
}
Event: 8938.926 GC heap before
{Heap before GC invocations=2130 (full 75):
 PSYoungGen      total 62464K, used 62251K [0x00000000e0000000, 0x00000000e4080000, 0x0000000100000000)
  eden space 60416K, 100% used [0x00000000e0000000,0x00000000e3b00000,0x00000000e3b00000)
  from space 2048K, 89% used [0x00000000e3d80000,0x00000000e3f4af20,0x00000000e3f80000)
  to   space 2560K, 0% used [0x00000000e3b00000,0x00000000e3b00000,0x00000000e3d80000)
 ParOldGen       total 94720K, used 78852K [0x00000000a0000000, 0x00000000a5c80000, 0x00000000e0000000)
  object space 94720K, 83% used [0x00000000a0000000,0x00000000a4d012b8,0x00000000a5c80000)
 Metaspace       used 33336K, capacity 33746K, committed 34048K, reserved 1079296K
  class space    used 3668K, capacity 3775K, committed 3840K, reserved 1048576K
Event: 8938.934 GC heap after
Heap after GC invocations=2130 (full 75):
 PSYoungGen      total 62976K, used 376K [0x00000000e0000000, 0x00000000e4080000, 0x0000000100000000)
  eden space 60416K, 0% used [0x00000000e0000000,0x00000000e0000000,0x00000000e3b00000)
  from space 2560K, 14% used [0x00000000e3b00000,0x00000000e3b5e2d0,0x00000000e3d80000)
  to   space 2048K, 0% used [0x00000000e3d80000,0x00000000e3d80000,0x00000000e3f80000)
 ParOldGen       total 94720K, used 78868K [0x00000000a0000000, 0x00000000a5c80000, 0x00000000e0000000)
  object space 94720K, 83% used [0x00000000a0000000,0x00000000a4d052b8,0x00000000a5c80000)
 Metaspace       used 33336K, capacity 33746K, committed 34048K, reserved 1079296K
  class space    used 3668K, capacity 3775K, committed 3840K, reserved 1048576K
}
Event: 8939.340 GC heap before
{Heap before GC invocations=2131 (full 75):
 PSYoungGen      total 62976K, used 60792K [0x00000000e0000000, 0x00000000e4080000, 0x0000000100000000)
  eden space 60416K, 100% used [0x00000000e0000000,0x00000000e3b00000,0x00000000e3b00000)
  from space 2560K, 14% used [0x00000000e3b00000,0x00000000e3b5e2d0,0x00000000e3d80000)
  to   space 2048K, 0% used [0x00000000e3d80000,0x00000000e3d80000,0x00000000e3f80000)
 ParOldGen       total 94720K, used 78868K [0x00000000a0000000, 0x00000000a5c80000, 0x00000000e0000000)
  object space 94720K, 83% used [0x00000000a0000000,0x00000000a4d052b8,0x00000000a5c80000)
 Metaspace       used 33372K, capacity 33810K, committed 34048K, reserved 1079296K
  class space    used 3669K, capacity 3775K, committed 3840K, reserved 1048576K
Event: 8939.360 GC heap after
Heap after GC invocations=2131 (full 75):
 PSYoungGen      total 62464K, used 1504K [0x00000000e0000000, 0x00000000e4080000, 0x0000000100000000)
  eden space 60416K, 0% used [0x00000000e0000000,0x00000000e0000000,0x00000000e3b00000)
  from space 2048K, 73% used [0x00000000e3d80000,0x00000000e3ef8000,0x00000000e3f80000)
  to   space 2560K, 0% used [0x00000000e3b00000,0x00000000e3b00000,0x00000000e3d80000)
 ParOldGen       total 94720K, used 78980K [0x00000000a0000000, 0x00000000a5c80000, 0x00000000e0000000)
  object space 94720K, 83% used [0x00000000a0000000,0x00000000a4d212b8,0x00000000a5c80000)
 Metaspace       used 33372K, capacity 33810K, committed 34048K, reserved 1079296K
  class space    used 3669K, capacity 3775K, committed 3840K, reserved 1048576K
}
Event: 8939.541 GC heap before
{Heap before GC invocations=2132 (full 75):
 PSYoungGen      total 62464K, used 60076K [0x00000000e0000000, 0x00000000e4080000, 0x0000000100000000)
  eden space 60416K, 96% used [0x00000000e0000000,0x00000000e3933140,0x00000000e3b00000)
  from space 2048K, 73% used [0x00000000e3d80000,0x00000000e3ef8000,0x00000000e3f80000)
  to   space 2560K, 0% used [0x00000000e3b00000,0x00000000e3b00000,0x00000000e3d80000)
 ParOldGen       total 94720K, used 78980K [0x00000000a0000000, 0x00000000a5c80000, 0x00000000e0000000)
  object space 94720K, 83% used [0x00000000a0000000,0x00000000a4d212b8,0x00000000a5c80000)
 Metaspace       used 33380K, capacity 33810K, committed 34048K, reserved 1079296K
  class space    used 3669K, capacity 3775K, committed 3840K, reserved 1048576K
Event: 8939.552 GC heap after
Heap after GC invocations=2132 (full 75):
 PSYoungGen      total 62976K, used 2528K [0x00000000e0000000, 0x00000000e4080000, 0x0000000100000000)
  eden space 60416K, 0% used [0x00000000e0000000,0x00000000e0000000,0x00000000e3b00000)
  from space 2560K, 98% used [0x00000000e3b00000,0x00000000e3d78010,0x00000000e3d80000)
  to   space 2048K, 0% used [0x00000000e3d80000,0x00000000e3d80000,0x00000000e3f80000)
 ParOldGen       total 94720K, used 82736K [0x00000000a0000000, 0x00000000a5c80000, 0x00000000e0000000)
  object space 94720K, 87% used [0x00000000a0000000,0x00000000a50cc1b0,0x00000000a5c80000)
 Metaspace       used 33380K, capacity 33810K, committed 34048K, reserved 1079296K
  class space    used 3669K, capacity 3775K, committed 3840K, reserved 1048576K
}

