# JRE version: Java(TM) SE Runtime Environment (8.0_111-b14) (build 1.8.0_111-b14)
# Java VM: Java HotSpot(TM) 64-Bit Server VM (25.111-b14 mixed mode windows-amd64 compressed oops)
Heap:
 PSYoungGen      total 41984K, used 8570K [0x00000000e0000000, 0x00000000e3580000, 0x0000000100000000)
  eden space 31232K, 16% used [0x00000000e0000000,0x00000000e0509c48,0x00000000e1e80000)
  from space 10752K, 31% used [0x00000000e1e80000,0x00000000e21d4f10,0x00000000e2900000)
  to   space 10752K, 0% used [0x00000000e2b00000,0x00000000e2b00000,0x00000000e3580000)
 ParOldGen       total 64000K, used 39055K [0x00000000a0000000, 0x00000000a3e80000, 0x00000000e0000000)
  object space 64000K, 61% used [0x00000000a0000000,0x00000000a2623da8,0x00000000a3e80000)
 Metaspace       used 33701K, capacity 34202K, committed 34432K, reserved 1079296K
  class space    used 3743K, capacity 3883K, committed 3968K, reserved 1048576K
GC Heap History (10 events):
Event: 18888.443 GC heap before
{Heap before GC invocations=58 (full 1):
 PSYoungGen      total 44032K, used 36953K [0x00000000e0000000, 0x00000000e3680000, 0x0000000100000000)
  eden space 33280K, 100% used [0x00000000e0000000,0x00000000e2080000,0x00000000e2080000)
  from space 10752K, 34% used [0x00000000e2c00000,0x00000000e2f96530,0x00000000e3680000)
  to   space 11264K, 0% used [0x00000000e2080000,0x00000000e2080000,0x00000000e2b80000)
 ParOldGen       total 64000K, used 37449K [0x00000000a0000000, 0x00000000a3e80000, 0x00000000e0000000)
  object space 64000K, 58% used [0x00000000a0000000,0x00000000a2492748,0x00000000a3e80000)
 Metaspace       used 33263K, capacity 33642K, committed 33792K, reserved 1079296K
  class space    used 3709K, capacity 3811K, committed 3840K, reserved 1048576K
Event: 18888.447 GC heap after
Heap after GC invocations=58 (full 1):
 PSYoungGen      total 36864K, used 3658K [0x00000000e0000000, 0x00000000e3600000, 0x0000000100000000)
  eden space 32768K, 0% used [0x00000000e0000000,0x00000000e0000000,0x00000000e2000000)
  from space 4096K, 89% used [0x00000000e2080000,0x00000000e2412bc0,0x00000000e2480000)
  to   space 11264K, 0% used [0x00000000e2b00000,0x00000000e2b00000,0x00000000e3600000)
 ParOldGen       total 64000K, used 37537K [0x00000000a0000000, 0x00000000a3e80000, 0x00000000e0000000)
  object space 64000K, 58% used [0x00000000a0000000,0x00000000a24a8748,0x00000000a3e80000)
 Metaspace       used 33263K, capacity 33642K, committed 33792K, reserved 1079296K
  class space    used 3709K, capacity 3811K, committed 3840K, reserved 1048576K
}
Event: 18913.079 GC heap before
{Heap before GC invocations=59 (full 1):
 PSYoungGen      total 36864K, used 36426K [0x00000000e0000000, 0x00000000e3600000, 0x0000000100000000)
  eden space 32768K, 100% used [0x00000000e0000000,0x00000000e2000000,0x00000000e2000000)
  from space 4096K, 89% used [0x00000000e2080000,0x00000000e2412bc0,0x00000000e2480000)
  to   space 11264K, 0% used [0x00000000e2b00000,0x00000000e2b00000,0x00000000e3600000)
 ParOldGen       total 64000K, used 37537K [0x00000000a0000000, 0x00000000a3e80000, 0x00000000e0000000)
  object space 64000K, 58% used [0x00000000a0000000,0x00000000a24a8748,0x00000000a3e80000)
 Metaspace       used 33325K, capacity 33738K, committed 33920K, reserved 1079296K
  class space    used 3712K, capacity 3843K, committed 3968K, reserved 1048576K
Event: 18913.084 GC heap after
Heap after GC invocations=59 (full 1):
 PSYoungGen      total 43008K, used 3702K [0x00000000e0000000, 0x00000000e3580000, 0x0000000100000000)
  eden space 32256K, 0% used [0x00000000e0000000,0x00000000e0000000,0x00000000e1f80000)
  from space 10752K, 34% used [0x00000000e2b00000,0x00000000e2e9db68,0x00000000e3580000)
  to   space 11264K, 0% used [0x00000000e1f80000,0x00000000e1f80000,0x00000000e2a80000)
 ParOldGen       total 64000K, used 37633K [0x00000000a0000000, 0x00000000a3e80000, 0x00000000e0000000)
  object space 64000K, 58% used [0x00000000a0000000,0x00000000a24c0748,0x00000000a3e80000)
 Metaspace       used 33325K, capacity 33738K, committed 33920K, reserved 1079296K
  class space    used 3712K, capacity 3843K, committed 3968K, reserved 1048576K
}
Event: 19592.006 GC heap before
{Heap before GC invocations=60 (full 1):
 PSYoungGen      total 43008K, used 35958K [0x00000000e0000000, 0x00000000e3580000, 0x0000000100000000)
  eden space 32256K, 100% used [0x00000000e0000000,0x00000000e1f80000,0x00000000e1f80000)
  from space 10752K, 34% used [0x00000000e2b00000,0x00000000e2e9db68,0x00000000e3580000)
  to   space 11264K, 0% used [0x00000000e1f80000,0x00000000e1f80000,0x00000000e2a80000)
 ParOldGen       total 64000K, used 37633K [0x00000000a0000000, 0x00000000a3e80000, 0x00000000e0000000)
  object space 64000K, 58% used [0x00000000a0000000,0x00000000a24c0748,0x00000000a3e80000)
 Metaspace       used 33450K, capacity 33946K, committed 34176K, reserved 1079296K
  class space    used 3719K, capacity 3883K, committed 3968K, reserved 1048576K
Event: 19592.012 GC heap after
Heap after GC invocations=60 (full 1):
 PSYoungGen      total 36352K, used 4393K [0x00000000e0000000, 0x00000000e3400000, 0x0000000100000000)
  eden space 31744K, 0% used [0x00000000e0000000,0x00000000e0000000,0x00000000e1f00000)
  from space 4608K, 95% used [0x00000000e1f80000,0x00000000e23ca560,0x00000000e2400000)
  to   space 10752K, 0% used [0x00000000e2980000,0x00000000e2980000,0x00000000e3400000)
 ParOldGen       total 64000K, used 37689K [0x00000000a0000000, 0x00000000a3e80000, 0x00000000e0000000)
  object space 64000K, 58% used [0x00000000a0000000,0x00000000a24ce748,0x00000000a3e80000)
 Metaspace       used 33450K, capacity 33946K, committed 34176K, reserved 1079296K
  class space    used 3719K, capacity 3883K, committed 3968K, reserved 1048576K
}
Event: 19592.361 GC heap before
{Heap before GC invocations=61 (full 1):
 PSYoungGen      total 36352K, used 36137K [0x00000000e0000000, 0x00000000e3400000, 0x0000000100000000)
  eden space 31744K, 100% used [0x00000000e0000000,0x00000000e1f00000,0x00000000e1f00000)
  from space 4608K, 95% used [0x00000000e1f80000,0x00000000e23ca560,0x00000000e2400000)
  to   space 10752K, 0% used [0x00000000e2980000,0x00000000e2980000,0x00000000e3400000)
 ParOldGen       total 64000K, used 37689K [0x00000000a0000000, 0x00000000a3e80000, 0x00000000e0000000)
  object space 64000K, 58% used [0x00000000a0000000,0x00000000a24ce748,0x00000000a3e80000)
 Metaspace       used 33621K, capacity 34074K, committed 34176K, reserved 1079296K
  class space    used 3740K, capacity 3883K, committed 3968K, reserved 1048576K
Event: 19592.366 GC heap after
Heap after GC invocations=61 (full 1):
 PSYoungGen      total 41472K, used 3398K [0x00000000e0000000, 0x00000000e3380000, 0x0000000100000000)
  eden space 31232K, 0% used [0x00000000e0000000,0x00000000e0000000,0x00000000e1e80000)
  from space 10240K, 33% used [0x00000000e2980000,0x00000000e2cd1b80,0x00000000e3380000)
  to   space 10752K, 0% used [0x00000000e1e80000,0x00000000e1e80000,0x00000000e2900000)
 ParOldGen       total 64000K, used 38902K [0x00000000a0000000, 0x00000000a3e80000, 0x00000000e0000000)
  object space 64000K, 60% used [0x00000000a0000000,0x00000000a25fdab8,0x00000000a3e80000)
 Metaspace       used 33621K, capacity 34074K, committed 34176K, reserved 1079296K
  class space    used 3740K, capacity 3883K, committed 3968K, reserved 1048576K
}
Event: 19592.545 GC heap before
{Heap before GC invocations=62 (full 1):
 PSYoungGen      total 41472K, used 34600K [0x00000000e0000000, 0x00000000e3380000, 0x0000000100000000)
  eden space 31232K, 99% used [0x00000000e0000000,0x00000000e1e78628,0x00000000e1e80000)
  from space 10240K, 33% used [0x00000000e2980000,0x00000000e2cd1b80,0x00000000e3380000)
  to   space 10752K, 0% used [0x00000000e1e80000,0x00000000e1e80000,0x00000000e2900000)
 ParOldGen       total 64000K, used 38902K [0x00000000a0000000, 0x00000000a3e80000, 0x00000000e0000000)
  object space 64000K, 60% used [0x00000000a0000000,0x00000000a25fdab8,0x00000000a3e80000)
 Metaspace       used 33674K, capacity 34138K, committed 34432K, reserved 1079296K
  class space    used 3743K, capacity 3883K, committed 3968K, reserved 1048576K
Event: 19592.552 GC heap after
Heap after GC invocations=62 (full 1):
 PSYoungGen      total 41984K, used 3411K [0x00000000e0000000, 0x00000000e3580000, 0x0000000100000000)
  eden space 31232K, 0% used [0x00000000e0000000,0x00000000e0000000,0x00000000e1e80000)
  from space 10752K, 31% used [0x00000000e1e80000,0x00000000e21d4f10,0x00000000e2900000)
  to   space 10752K, 0% used [0x00000000e2b00000,0x00000000e2b00000,0x00000000e3580000)
 ParOldGen       total 64000K, used 39055K [0x00000000a0000000, 0x00000000a3e80000, 0x00000000e0000000)
  object space 64000K, 61% used [0x00000000a0000000,0x00000000a2623da8,0x00000000a3e80000)
 Metaspace       used 33674K, capacity 34138K, committed 34432K, reserved 1079296K
  class space    used 3743K, capacity 3883K, committed 3968K, reserved 1048576K
}

